CRITICAL - 2024-11-13 18:08:12 --> CodeIgniter\View\Exceptions\ViewException: Invalid file: "invoice/create.php"
[Method: GET, Route: invoice/create/2]
in SYSTEMPATH\Exceptions\FrameworkException.php on line 41.
 1 SYSTEMPATH\View\View.php(222): CodeIgniter\Exceptions\FrameworkException::forInvalidFile('invoice/create.php')
 2 SYSTEMPATH\Common.php(1171): CodeIgniter\View\View->render('invoice/create', [], true)
 3 APPPATH\Controllers\InvoiceController.php(56): view('invoice/create', [...])
 4 SYSTEMPATH\CodeIgniter.php(933): App\Controllers\InvoiceController->create('2')
 5 SYSTEMPATH\CodeIgniter.php(509): CodeIgniter\CodeIgniter->runController(Object(App\Controllers\InvoiceController))
 6 SYSTEMPATH\CodeIgniter.php(355): CodeIgniter\CodeIgniter->handleRequest(null, Object(Config\Cache), false)
 7 SYSTEMPATH\Boot.php(325): CodeIgniter\CodeIgniter->run()
 8 SYSTEMPATH\Boot.php(67): CodeIgniter\Boot::runCodeIgniter(Object(CodeIgniter\CodeIgniter))
 9 FCPATH\index.php(56): CodeIgniter\Boot::bootWeb(Object(Config\Paths))
CRITICAL - 2024-11-13 18:22:15 --> CodeIgniter\View\Exceptions\ViewException: Invalid file: "invoice/create.php"
[Method: GET, Route: invoice/create/2]
in SYSTEMPATH\Exceptions\FrameworkException.php on line 41.
 1 SYSTEMPATH\View\View.php(222): CodeIgniter\Exceptions\FrameworkException::forInvalidFile('invoice/create.php')
 2 SYSTEMPATH\Common.php(1171): CodeIgniter\View\View->render('invoice/create', [], true)
 3 APPPATH\Controllers\InvoiceController.php(50): view('invoice/create', [...])
 4 SYSTEMPATH\CodeIgniter.php(933): App\Controllers\InvoiceController->create('2')
 5 SYSTEMPATH\CodeIgniter.php(509): CodeIgniter\CodeIgniter->runController(Object(App\Controllers\InvoiceController))
 6 SYSTEMPATH\CodeIgniter.php(355): CodeIgniter\CodeIgniter->handleRequest(null, Object(Config\Cache), false)
 7 SYSTEMPATH\Boot.php(325): CodeIgniter\CodeIgniter->run()
 8 SYSTEMPATH\Boot.php(67): CodeIgniter\Boot::runCodeIgniter(Object(CodeIgniter\CodeIgniter))
 9 FCPATH\index.php(56): CodeIgniter\Boot::bootWeb(Object(Config\Paths))
CRITICAL - 2024-11-13 18:22:45 --> CodeIgniter\View\Exceptions\ViewException: Invalid file: "invoice/create.php"
[Method: GET, Route: invoice/create/2]
in SYSTEMPATH\Exceptions\FrameworkException.php on line 41.
 1 SYSTEMPATH\View\View.php(222): CodeIgniter\Exceptions\FrameworkException::forInvalidFile('invoice/create.php')
 2 SYSTEMPATH\Common.php(1171): CodeIgniter\View\View->render('invoice/create', [], true)
 3 APPPATH\Controllers\InvoiceController.php(50): view('invoice/create', [...])
 4 SYSTEMPATH\CodeIgniter.php(933): App\Controllers\InvoiceController->create('2')
 5 SYSTEMPATH\CodeIgniter.php(509): CodeIgniter\CodeIgniter->runController(Object(App\Controllers\InvoiceController))
 6 SYSTEMPATH\CodeIgniter.php(355): CodeIgniter\CodeIgniter->handleRequest(null, Object(Config\Cache), false)
 7 SYSTEMPATH\Boot.php(325): CodeIgniter\CodeIgniter->run()
 8 SYSTEMPATH\Boot.php(67): CodeIgniter\Boot::runCodeIgniter(Object(CodeIgniter\CodeIgniter))
 9 FCPATH\index.php(56): CodeIgniter\Boot::bootWeb(Object(Config\Paths))
CRITICAL - 2024-11-13 18:23:17 --> CodeIgniter\View\Exceptions\ViewException: Invalid file: "invoice/create.php"
[Method: GET, Route: invoice/create/2]
in SYSTEMPATH\Exceptions\FrameworkException.php on line 41.
 1 SYSTEMPATH\View\View.php(222): CodeIgniter\Exceptions\FrameworkException::forInvalidFile('invoice/create.php')
 2 SYSTEMPATH\Common.php(1171): CodeIgniter\View\View->render('invoice/create', [], true)
 3 APPPATH\Controllers\InvoiceController.php(50): view('invoice/create', [...])
 4 SYSTEMPATH\CodeIgniter.php(933): App\Controllers\InvoiceController->create('2')
 5 SYSTEMPATH\CodeIgniter.php(509): CodeIgniter\CodeIgniter->runController(Object(App\Controllers\InvoiceController))
 6 SYSTEMPATH\CodeIgniter.php(355): CodeIgniter\CodeIgniter->handleRequest(null, Object(Config\Cache), false)
 7 SYSTEMPATH\Boot.php(325): CodeIgniter\CodeIgniter->run()
 8 SYSTEMPATH\Boot.php(67): CodeIgniter\Boot::runCodeIgniter(Object(CodeIgniter\CodeIgniter))
 9 FCPATH\index.php(56): CodeIgniter\Boot::bootWeb(Object(Config\Paths))
CRITICAL - 2024-11-13 18:23:48 --> CodeIgniter\View\Exceptions\ViewException: Invalid file: "invoice/create.php"
[Method: GET, Route: invoices/create/2]
in SYSTEMPATH\Exceptions\FrameworkException.php on line 41.
 1 SYSTEMPATH\View\View.php(222): CodeIgniter\Exceptions\FrameworkException::forInvalidFile('invoice/create.php')
 2 SYSTEMPATH\Common.php(1171): CodeIgniter\View\View->render('invoice/create', [], true)
 3 APPPATH\Controllers\InvoiceController.php(50): view('invoice/create', [...])
 4 SYSTEMPATH\CodeIgniter.php(933): App\Controllers\InvoiceController->create('2')
 5 SYSTEMPATH\CodeIgniter.php(509): CodeIgniter\CodeIgniter->runController(Object(App\Controllers\InvoiceController))
 6 SYSTEMPATH\CodeIgniter.php(355): CodeIgniter\CodeIgniter->handleRequest(null, Object(Config\Cache), false)
 7 SYSTEMPATH\Boot.php(325): CodeIgniter\CodeIgniter->run()
 8 SYSTEMPATH\Boot.php(67): CodeIgniter\Boot::runCodeIgniter(Object(CodeIgniter\CodeIgniter))
 9 FCPATH\index.php(56): CodeIgniter\Boot::bootWeb(Object(Config\Paths))
ERROR - 2024-11-13 18:28:43 --> mysqli_sql_exception: Column 'total_amount' cannot be null in C:\xampp\htdocs\invoicing_system\system\Database\MySQLi\Connection.php:312
Stack trace:
#0 C:\xampp\htdocs\invoicing_system\system\Database\MySQLi\Connection.php(312): mysqli->query('INSERT INTO `in...', 0)
#1 C:\xampp\htdocs\invoicing_system\system\Database\BaseConnection.php(734): CodeIgniter\Database\MySQLi\Connection->execute('INSERT INTO `in...')
#2 C:\xampp\htdocs\invoicing_system\system\Database\BaseConnection.php(648): CodeIgniter\Database\BaseConnection->simpleQuery('INSERT INTO `in...')
#3 C:\xampp\htdocs\invoicing_system\system\Database\BaseBuilder.php(2340): CodeIgniter\Database\BaseConnection->query('INSERT INTO `in...', Array, false)
#4 C:\xampp\htdocs\invoicing_system\system\Model.php(394): CodeIgniter\Database\BaseBuilder->insert()
#5 C:\xampp\htdocs\invoicing_system\system\BaseModel.php(840): CodeIgniter\Model->doInsert(Array)
#6 C:\xampp\htdocs\invoicing_system\system\Model.php(802): CodeIgniter\BaseModel->insert(Array, true)
#7 C:\xampp\htdocs\invoicing_system\app\Controllers\InvoiceController.php(67): CodeIgniter\Model->insert(Array)
#8 C:\xampp\htdocs\invoicing_system\system\CodeIgniter.php(933): App\Controllers\InvoiceController->store()
#9 C:\xampp\htdocs\invoicing_system\system\CodeIgniter.php(509): CodeIgniter\CodeIgniter->runController(Object(App\Controllers\InvoiceController))
#10 C:\xampp\htdocs\invoicing_system\system\CodeIgniter.php(355): CodeIgniter\CodeIgniter->handleRequest(NULL, Object(Config\Cache), false)
#11 C:\xampp\htdocs\invoicing_system\system\Boot.php(325): CodeIgniter\CodeIgniter->run()
#12 C:\xampp\htdocs\invoicing_system\system\Boot.php(67): CodeIgniter\Boot::runCodeIgniter(Object(CodeIgniter\CodeIgniter))
#13 C:\xampp\htdocs\invoicing_system\index.php(56): CodeIgniter\Boot::bootWeb(Object(Config\Paths))
#14 {main}
CRITICAL - 2024-11-13 18:28:43 --> CodeIgniter\Database\Exceptions\DatabaseException: Column 'total_amount' cannot be null
[Method: POST, Route: invoice/store]
in SYSTEMPATH\Database\BaseConnection.php on line 688.
 1 SYSTEMPATH\Database\BaseBuilder.php(2340): CodeIgniter\Database\BaseConnection->query('INSERT INTO `invoices` (`customer_id`, `total_amount`, `discount`, `tax`, `final_amount`, `payment_method`, `created_at`) VALUES (:customer_id:, :total_amount:, :discount:, :tax:, :final_amount:, :payment_method:, :created_at:)', [...], false)
 2 SYSTEMPATH\Model.php(394): CodeIgniter\Database\BaseBuilder->insert()
 3 SYSTEMPATH\BaseModel.php(840): CodeIgniter\Model->doInsert([...])
 4 SYSTEMPATH\Model.php(802): CodeIgniter\BaseModel->insert([...], true)
 5 APPPATH\Controllers\InvoiceController.php(67): CodeIgniter\Model->insert([...])
 6 SYSTEMPATH\CodeIgniter.php(933): App\Controllers\InvoiceController->store()
 7 SYSTEMPATH\CodeIgniter.php(509): CodeIgniter\CodeIgniter->runController(Object(App\Controllers\InvoiceController))
 8 SYSTEMPATH\CodeIgniter.php(355): CodeIgniter\CodeIgniter->handleRequest(null, Object(Config\Cache), false)
 9 SYSTEMPATH\Boot.php(325): CodeIgniter\CodeIgniter->run()
10 SYSTEMPATH\Boot.php(67): CodeIgniter\Boot::runCodeIgniter(Object(CodeIgniter\CodeIgniter))
11 FCPATH\index.php(56): CodeIgniter\Boot::bootWeb(Object(Config\Paths))
CRITICAL - 2024-11-13 18:28:43 --> [Caused by] CodeIgniter\Database\Exceptions\DatabaseException: Column 'total_amount' cannot be null
in SYSTEMPATH\Database\MySQLi\Connection.php on line 317.
 1 SYSTEMPATH\Database\BaseConnection.php(734): CodeIgniter\Database\MySQLi\Connection->execute('INSERT INTO `invoices` (`customer_id`, `total_amount`, `discount`, `tax`, `final_amount`, `payment_method`, `created_at`) VALUES (\'2\', NULL, \'25\', \'10\', NULL, \'cash\', \'2024-11-13 18:28:43\')')
 2 SYSTEMPATH\Database\BaseConnection.php(648): CodeIgniter\Database\BaseConnection->simpleQuery('INSERT INTO `invoices` (`customer_id`, `total_amount`, `discount`, `tax`, `final_amount`, `payment_method`, `created_at`) VALUES (\'2\', NULL, \'25\', \'10\', NULL, \'cash\', \'2024-11-13 18:28:43\')')
 3 SYSTEMPATH\Database\BaseBuilder.php(2340): CodeIgniter\Database\BaseConnection->query('INSERT INTO `invoices` (`customer_id`, `total_amount`, `discount`, `tax`, `final_amount`, `payment_method`, `created_at`) VALUES (:customer_id:, :total_amount:, :discount:, :tax:, :final_amount:, :payment_method:, :created_at:)', [...], false)
 4 SYSTEMPATH\Model.php(394): CodeIgniter\Database\BaseBuilder->insert()
 5 SYSTEMPATH\BaseModel.php(840): CodeIgniter\Model->doInsert([...])
 6 SYSTEMPATH\Model.php(802): CodeIgniter\BaseModel->insert([...], true)
 7 APPPATH\Controllers\InvoiceController.php(67): CodeIgniter\Model->insert([...])
 8 SYSTEMPATH\CodeIgniter.php(933): App\Controllers\InvoiceController->store()
 9 SYSTEMPATH\CodeIgniter.php(509): CodeIgniter\CodeIgniter->runController(Object(App\Controllers\InvoiceController))
10 SYSTEMPATH\CodeIgniter.php(355): CodeIgniter\CodeIgniter->handleRequest(null, Object(Config\Cache), false)
11 SYSTEMPATH\Boot.php(325): CodeIgniter\CodeIgniter->run()
12 SYSTEMPATH\Boot.php(67): CodeIgniter\Boot::runCodeIgniter(Object(CodeIgniter\CodeIgniter))
13 FCPATH\index.php(56): CodeIgniter\Boot::bootWeb(Object(Config\Paths))
CRITICAL - 2024-11-13 18:28:43 --> [Caused by] mysqli_sql_exception: Column 'total_amount' cannot be null
in SYSTEMPATH\Database\MySQLi\Connection.php on line 312.
 1 SYSTEMPATH\Database\MySQLi\Connection.php(312): mysqli->query('INSERT INTO `invoices` (`customer_id`, `total_amount`, `discount`, `tax`, `final_amount`, `payment_method`, `created_at`) VALUES (\'2\', NULL, \'25\', \'10\', NULL, \'cash\', \'2024-11-13 18:28:43\')', 0)
 2 SYSTEMPATH\Database\BaseConnection.php(734): CodeIgniter\Database\MySQLi\Connection->execute('INSERT INTO `invoices` (`customer_id`, `total_amount`, `discount`, `tax`, `final_amount`, `payment_method`, `created_at`) VALUES (\'2\', NULL, \'25\', \'10\', NULL, \'cash\', \'2024-11-13 18:28:43\')')
 3 SYSTEMPATH\Database\BaseConnection.php(648): CodeIgniter\Database\BaseConnection->simpleQuery('INSERT INTO `invoices` (`customer_id`, `total_amount`, `discount`, `tax`, `final_amount`, `payment_method`, `created_at`) VALUES (\'2\', NULL, \'25\', \'10\', NULL, \'cash\', \'2024-11-13 18:28:43\')')
 4 SYSTEMPATH\Database\BaseBuilder.php(2340): CodeIgniter\Database\BaseConnection->query('INSERT INTO `invoices` (`customer_id`, `total_amount`, `discount`, `tax`, `final_amount`, `payment_method`, `created_at`) VALUES (:customer_id:, :total_amount:, :discount:, :tax:, :final_amount:, :payment_method:, :created_at:)', [...], false)
 5 SYSTEMPATH\Model.php(394): CodeIgniter\Database\BaseBuilder->insert()
 6 SYSTEMPATH\BaseModel.php(840): CodeIgniter\Model->doInsert([...])
 7 SYSTEMPATH\Model.php(802): CodeIgniter\BaseModel->insert([...], true)
 8 APPPATH\Controllers\InvoiceController.php(67): CodeIgniter\Model->insert([...])
 9 SYSTEMPATH\CodeIgniter.php(933): App\Controllers\InvoiceController->store()
10 SYSTEMPATH\CodeIgniter.php(509): CodeIgniter\CodeIgniter->runController(Object(App\Controllers\InvoiceController))
11 SYSTEMPATH\CodeIgniter.php(355): CodeIgniter\CodeIgniter->handleRequest(null, Object(Config\Cache), false)
12 SYSTEMPATH\Boot.php(325): CodeIgniter\CodeIgniter->run()
13 SYSTEMPATH\Boot.php(67): CodeIgniter\Boot::runCodeIgniter(Object(CodeIgniter\CodeIgniter))
14 FCPATH\index.php(56): CodeIgniter\Boot::bootWeb(Object(Config\Paths))
ERROR - 2024-11-13 18:29:50 --> mysqli_sql_exception: Column 'total_amount' cannot be null in C:\xampp\htdocs\invoicing_system\system\Database\MySQLi\Connection.php:312
Stack trace:
#0 C:\xampp\htdocs\invoicing_system\system\Database\MySQLi\Connection.php(312): mysqli->query('INSERT INTO `in...', 0)
#1 C:\xampp\htdocs\invoicing_system\system\Database\BaseConnection.php(734): CodeIgniter\Database\MySQLi\Connection->execute('INSERT INTO `in...')
#2 C:\xampp\htdocs\invoicing_system\system\Database\BaseConnection.php(648): CodeIgniter\Database\BaseConnection->simpleQuery('INSERT INTO `in...')
#3 C:\xampp\htdocs\invoicing_system\system\Database\BaseBuilder.php(2340): CodeIgniter\Database\BaseConnection->query('INSERT INTO `in...', Array, false)
#4 C:\xampp\htdocs\invoicing_system\system\Model.php(394): CodeIgniter\Database\BaseBuilder->insert()
#5 C:\xampp\htdocs\invoicing_system\system\BaseModel.php(840): CodeIgniter\Model->doInsert(Array)
#6 C:\xampp\htdocs\invoicing_system\system\Model.php(802): CodeIgniter\BaseModel->insert(Array, true)
#7 C:\xampp\htdocs\invoicing_system\app\Controllers\InvoiceController.php(67): CodeIgniter\Model->insert(Array)
#8 C:\xampp\htdocs\invoicing_system\system\CodeIgniter.php(933): App\Controllers\InvoiceController->store()
#9 C:\xampp\htdocs\invoicing_system\system\CodeIgniter.php(509): CodeIgniter\CodeIgniter->runController(Object(App\Controllers\InvoiceController))
#10 C:\xampp\htdocs\invoicing_system\system\CodeIgniter.php(355): CodeIgniter\CodeIgniter->handleRequest(NULL, Object(Config\Cache), false)
#11 C:\xampp\htdocs\invoicing_system\system\Boot.php(325): CodeIgniter\CodeIgniter->run()
#12 C:\xampp\htdocs\invoicing_system\system\Boot.php(67): CodeIgniter\Boot::runCodeIgniter(Object(CodeIgniter\CodeIgniter))
#13 C:\xampp\htdocs\invoicing_system\index.php(56): CodeIgniter\Boot::bootWeb(Object(Config\Paths))
#14 {main}
CRITICAL - 2024-11-13 18:29:50 --> CodeIgniter\Database\Exceptions\DatabaseException: Column 'total_amount' cannot be null
[Method: POST, Route: invoice/store]
in SYSTEMPATH\Database\BaseConnection.php on line 688.
 1 SYSTEMPATH\Database\BaseBuilder.php(2340): CodeIgniter\Database\BaseConnection->query('INSERT INTO `invoices` (`customer_id`, `total_amount`, `discount`, `tax`, `final_amount`, `payment_method`, `created_at`) VALUES (:customer_id:, :total_amount:, :discount:, :tax:, :final_amount:, :payment_method:, :created_at:)', [...], false)
 2 SYSTEMPATH\Model.php(394): CodeIgniter\Database\BaseBuilder->insert()
 3 SYSTEMPATH\BaseModel.php(840): CodeIgniter\Model->doInsert([...])
 4 SYSTEMPATH\Model.php(802): CodeIgniter\BaseModel->insert([...], true)
 5 APPPATH\Controllers\InvoiceController.php(67): CodeIgniter\Model->insert([...])
 6 SYSTEMPATH\CodeIgniter.php(933): App\Controllers\InvoiceController->store()
 7 SYSTEMPATH\CodeIgniter.php(509): CodeIgniter\CodeIgniter->runController(Object(App\Controllers\InvoiceController))
 8 SYSTEMPATH\CodeIgniter.php(355): CodeIgniter\CodeIgniter->handleRequest(null, Object(Config\Cache), false)
 9 SYSTEMPATH\Boot.php(325): CodeIgniter\CodeIgniter->run()
10 SYSTEMPATH\Boot.php(67): CodeIgniter\Boot::runCodeIgniter(Object(CodeIgniter\CodeIgniter))
11 FCPATH\index.php(56): CodeIgniter\Boot::bootWeb(Object(Config\Paths))
CRITICAL - 2024-11-13 18:29:50 --> [Caused by] CodeIgniter\Database\Exceptions\DatabaseException: Column 'total_amount' cannot be null
in SYSTEMPATH\Database\MySQLi\Connection.php on line 317.
 1 SYSTEMPATH\Database\BaseConnection.php(734): CodeIgniter\Database\MySQLi\Connection->execute('INSERT INTO `invoices` (`customer_id`, `total_amount`, `discount`, `tax`, `final_amount`, `payment_method`, `created_at`) VALUES (\'2\', NULL, \'25\', \'10\', NULL, \'cash\', \'2024-11-13 18:29:49\')')
 2 SYSTEMPATH\Database\BaseConnection.php(648): CodeIgniter\Database\BaseConnection->simpleQuery('INSERT INTO `invoices` (`customer_id`, `total_amount`, `discount`, `tax`, `final_amount`, `payment_method`, `created_at`) VALUES (\'2\', NULL, \'25\', \'10\', NULL, \'cash\', \'2024-11-13 18:29:49\')')
 3 SYSTEMPATH\Database\BaseBuilder.php(2340): CodeIgniter\Database\BaseConnection->query('INSERT INTO `invoices` (`customer_id`, `total_amount`, `discount`, `tax`, `final_amount`, `payment_method`, `created_at`) VALUES (:customer_id:, :total_amount:, :discount:, :tax:, :final_amount:, :payment_method:, :created_at:)', [...], false)
 4 SYSTEMPATH\Model.php(394): CodeIgniter\Database\BaseBuilder->insert()
 5 SYSTEMPATH\BaseModel.php(840): CodeIgniter\Model->doInsert([...])
 6 SYSTEMPATH\Model.php(802): CodeIgniter\BaseModel->insert([...], true)
 7 APPPATH\Controllers\InvoiceController.php(67): CodeIgniter\Model->insert([...])
 8 SYSTEMPATH\CodeIgniter.php(933): App\Controllers\InvoiceController->store()
 9 SYSTEMPATH\CodeIgniter.php(509): CodeIgniter\CodeIgniter->runController(Object(App\Controllers\InvoiceController))
10 SYSTEMPATH\CodeIgniter.php(355): CodeIgniter\CodeIgniter->handleRequest(null, Object(Config\Cache), false)
11 SYSTEMPATH\Boot.php(325): CodeIgniter\CodeIgniter->run()
12 SYSTEMPATH\Boot.php(67): CodeIgniter\Boot::runCodeIgniter(Object(CodeIgniter\CodeIgniter))
13 FCPATH\index.php(56): CodeIgniter\Boot::bootWeb(Object(Config\Paths))
CRITICAL - 2024-11-13 18:29:50 --> [Caused by] mysqli_sql_exception: Column 'total_amount' cannot be null
in SYSTEMPATH\Database\MySQLi\Connection.php on line 312.
 1 SYSTEMPATH\Database\MySQLi\Connection.php(312): mysqli->query('INSERT INTO `invoices` (`customer_id`, `total_amount`, `discount`, `tax`, `final_amount`, `payment_method`, `created_at`) VALUES (\'2\', NULL, \'25\', \'10\', NULL, \'cash\', \'2024-11-13 18:29:49\')', 0)
 2 SYSTEMPATH\Database\BaseConnection.php(734): CodeIgniter\Database\MySQLi\Connection->execute('INSERT INTO `invoices` (`customer_id`, `total_amount`, `discount`, `tax`, `final_amount`, `payment_method`, `created_at`) VALUES (\'2\', NULL, \'25\', \'10\', NULL, \'cash\', \'2024-11-13 18:29:49\')')
 3 SYSTEMPATH\Database\BaseConnection.php(648): CodeIgniter\Database\BaseConnection->simpleQuery('INSERT INTO `invoices` (`customer_id`, `total_amount`, `discount`, `tax`, `final_amount`, `payment_method`, `created_at`) VALUES (\'2\', NULL, \'25\', \'10\', NULL, \'cash\', \'2024-11-13 18:29:49\')')
 4 SYSTEMPATH\Database\BaseBuilder.php(2340): CodeIgniter\Database\BaseConnection->query('INSERT INTO `invoices` (`customer_id`, `total_amount`, `discount`, `tax`, `final_amount`, `payment_method`, `created_at`) VALUES (:customer_id:, :total_amount:, :discount:, :tax:, :final_amount:, :payment_method:, :created_at:)', [...], false)
 5 SYSTEMPATH\Model.php(394): CodeIgniter\Database\BaseBuilder->insert()
 6 SYSTEMPATH\BaseModel.php(840): CodeIgniter\Model->doInsert([...])
 7 SYSTEMPATH\Model.php(802): CodeIgniter\BaseModel->insert([...], true)
 8 APPPATH\Controllers\InvoiceController.php(67): CodeIgniter\Model->insert([...])
 9 SYSTEMPATH\CodeIgniter.php(933): App\Controllers\InvoiceController->store()
10 SYSTEMPATH\CodeIgniter.php(509): CodeIgniter\CodeIgniter->runController(Object(App\Controllers\InvoiceController))
11 SYSTEMPATH\CodeIgniter.php(355): CodeIgniter\CodeIgniter->handleRequest(null, Object(Config\Cache), false)
12 SYSTEMPATH\Boot.php(325): CodeIgniter\CodeIgniter->run()
13 SYSTEMPATH\Boot.php(67): CodeIgniter\Boot::runCodeIgniter(Object(CodeIgniter\CodeIgniter))
14 FCPATH\index.php(56): CodeIgniter\Boot::bootWeb(Object(Config\Paths))
ERROR - 2024-11-13 18:31:30 --> mysqli_sql_exception: Column 'total_amount' cannot be null in C:\xampp\htdocs\invoicing_system\system\Database\MySQLi\Connection.php:312
Stack trace:
#0 C:\xampp\htdocs\invoicing_system\system\Database\MySQLi\Connection.php(312): mysqli->query('INSERT INTO `in...', 0)
#1 C:\xampp\htdocs\invoicing_system\system\Database\BaseConnection.php(734): CodeIgniter\Database\MySQLi\Connection->execute('INSERT INTO `in...')
#2 C:\xampp\htdocs\invoicing_system\system\Database\BaseConnection.php(648): CodeIgniter\Database\BaseConnection->simpleQuery('INSERT INTO `in...')
#3 C:\xampp\htdocs\invoicing_system\system\Database\BaseBuilder.php(2340): CodeIgniter\Database\BaseConnection->query('INSERT INTO `in...', Array, false)
#4 C:\xampp\htdocs\invoicing_system\system\Model.php(394): CodeIgniter\Database\BaseBuilder->insert()
#5 C:\xampp\htdocs\invoicing_system\system\BaseModel.php(840): CodeIgniter\Model->doInsert(Array)
#6 C:\xampp\htdocs\invoicing_system\system\Model.php(802): CodeIgniter\BaseModel->insert(Array, true)
#7 C:\xampp\htdocs\invoicing_system\app\Controllers\InvoiceController.php(67): CodeIgniter\Model->insert(Array)
#8 C:\xampp\htdocs\invoicing_system\system\CodeIgniter.php(933): App\Controllers\InvoiceController->store()
#9 C:\xampp\htdocs\invoicing_system\system\CodeIgniter.php(509): CodeIgniter\CodeIgniter->runController(Object(App\Controllers\InvoiceController))
#10 C:\xampp\htdocs\invoicing_system\system\CodeIgniter.php(355): CodeIgniter\CodeIgniter->handleRequest(NULL, Object(Config\Cache), false)
#11 C:\xampp\htdocs\invoicing_system\system\Boot.php(325): CodeIgniter\CodeIgniter->run()
#12 C:\xampp\htdocs\invoicing_system\system\Boot.php(67): CodeIgniter\Boot::runCodeIgniter(Object(CodeIgniter\CodeIgniter))
#13 C:\xampp\htdocs\invoicing_system\index.php(56): CodeIgniter\Boot::bootWeb(Object(Config\Paths))
#14 {main}
CRITICAL - 2024-11-13 18:31:30 --> CodeIgniter\Database\Exceptions\DatabaseException: Column 'total_amount' cannot be null
[Method: POST, Route: invoice/store]
in SYSTEMPATH\Database\BaseConnection.php on line 688.
 1 SYSTEMPATH\Database\BaseBuilder.php(2340): CodeIgniter\Database\BaseConnection->query('INSERT INTO `invoices` (`customer_id`, `total_amount`, `discount`, `tax`, `final_amount`, `payment_method`, `created_at`) VALUES (:customer_id:, :total_amount:, :discount:, :tax:, :final_amount:, :payment_method:, :created_at:)', [...], false)
 2 SYSTEMPATH\Model.php(394): CodeIgniter\Database\BaseBuilder->insert()
 3 SYSTEMPATH\BaseModel.php(840): CodeIgniter\Model->doInsert([...])
 4 SYSTEMPATH\Model.php(802): CodeIgniter\BaseModel->insert([...], true)
 5 APPPATH\Controllers\InvoiceController.php(67): CodeIgniter\Model->insert([...])
 6 SYSTEMPATH\CodeIgniter.php(933): App\Controllers\InvoiceController->store()
 7 SYSTEMPATH\CodeIgniter.php(509): CodeIgniter\CodeIgniter->runController(Object(App\Controllers\InvoiceController))
 8 SYSTEMPATH\CodeIgniter.php(355): CodeIgniter\CodeIgniter->handleRequest(null, Object(Config\Cache), false)
 9 SYSTEMPATH\Boot.php(325): CodeIgniter\CodeIgniter->run()
10 SYSTEMPATH\Boot.php(67): CodeIgniter\Boot::runCodeIgniter(Object(CodeIgniter\CodeIgniter))
11 FCPATH\index.php(56): CodeIgniter\Boot::bootWeb(Object(Config\Paths))
CRITICAL - 2024-11-13 18:31:30 --> [Caused by] CodeIgniter\Database\Exceptions\DatabaseException: Column 'total_amount' cannot be null
in SYSTEMPATH\Database\MySQLi\Connection.php on line 317.
 1 SYSTEMPATH\Database\BaseConnection.php(734): CodeIgniter\Database\MySQLi\Connection->execute('INSERT INTO `invoices` (`customer_id`, `total_amount`, `discount`, `tax`, `final_amount`, `payment_method`, `created_at`) VALUES (\'2\', NULL, \'25\', \'10\', NULL, \'cash\', \'2024-11-13 18:31:30\')')
 2 SYSTEMPATH\Database\BaseConnection.php(648): CodeIgniter\Database\BaseConnection->simpleQuery('INSERT INTO `invoices` (`customer_id`, `total_amount`, `discount`, `tax`, `final_amount`, `payment_method`, `created_at`) VALUES (\'2\', NULL, \'25\', \'10\', NULL, \'cash\', \'2024-11-13 18:31:30\')')
 3 SYSTEMPATH\Database\BaseBuilder.php(2340): CodeIgniter\Database\BaseConnection->query('INSERT INTO `invoices` (`customer_id`, `total_amount`, `discount`, `tax`, `final_amount`, `payment_method`, `created_at`) VALUES (:customer_id:, :total_amount:, :discount:, :tax:, :final_amount:, :payment_method:, :created_at:)', [...], false)
 4 SYSTEMPATH\Model.php(394): CodeIgniter\Database\BaseBuilder->insert()
 5 SYSTEMPATH\BaseModel.php(840): CodeIgniter\Model->doInsert([...])
 6 SYSTEMPATH\Model.php(802): CodeIgniter\BaseModel->insert([...], true)
 7 APPPATH\Controllers\InvoiceController.php(67): CodeIgniter\Model->insert([...])
 8 SYSTEMPATH\CodeIgniter.php(933): App\Controllers\InvoiceController->store()
 9 SYSTEMPATH\CodeIgniter.php(509): CodeIgniter\CodeIgniter->runController(Object(App\Controllers\InvoiceController))
10 SYSTEMPATH\CodeIgniter.php(355): CodeIgniter\CodeIgniter->handleRequest(null, Object(Config\Cache), false)
11 SYSTEMPATH\Boot.php(325): CodeIgniter\CodeIgniter->run()
12 SYSTEMPATH\Boot.php(67): CodeIgniter\Boot::runCodeIgniter(Object(CodeIgniter\CodeIgniter))
13 FCPATH\index.php(56): CodeIgniter\Boot::bootWeb(Object(Config\Paths))
CRITICAL - 2024-11-13 18:31:30 --> [Caused by] mysqli_sql_exception: Column 'total_amount' cannot be null
in SYSTEMPATH\Database\MySQLi\Connection.php on line 312.
 1 SYSTEMPATH\Database\MySQLi\Connection.php(312): mysqli->query('INSERT INTO `invoices` (`customer_id`, `total_amount`, `discount`, `tax`, `final_amount`, `payment_method`, `created_at`) VALUES (\'2\', NULL, \'25\', \'10\', NULL, \'cash\', \'2024-11-13 18:31:30\')', 0)
 2 SYSTEMPATH\Database\BaseConnection.php(734): CodeIgniter\Database\MySQLi\Connection->execute('INSERT INTO `invoices` (`customer_id`, `total_amount`, `discount`, `tax`, `final_amount`, `payment_method`, `created_at`) VALUES (\'2\', NULL, \'25\', \'10\', NULL, \'cash\', \'2024-11-13 18:31:30\')')
 3 SYSTEMPATH\Database\BaseConnection.php(648): CodeIgniter\Database\BaseConnection->simpleQuery('INSERT INTO `invoices` (`customer_id`, `total_amount`, `discount`, `tax`, `final_amount`, `payment_method`, `created_at`) VALUES (\'2\', NULL, \'25\', \'10\', NULL, \'cash\', \'2024-11-13 18:31:30\')')
 4 SYSTEMPATH\Database\BaseBuilder.php(2340): CodeIgniter\Database\BaseConnection->query('INSERT INTO `invoices` (`customer_id`, `total_amount`, `discount`, `tax`, `final_amount`, `payment_method`, `created_at`) VALUES (:customer_id:, :total_amount:, :discount:, :tax:, :final_amount:, :payment_method:, :created_at:)', [...], false)
 5 SYSTEMPATH\Model.php(394): CodeIgniter\Database\BaseBuilder->insert()
 6 SYSTEMPATH\BaseModel.php(840): CodeIgniter\Model->doInsert([...])
 7 SYSTEMPATH\Model.php(802): CodeIgniter\BaseModel->insert([...], true)
 8 APPPATH\Controllers\InvoiceController.php(67): CodeIgniter\Model->insert([...])
 9 SYSTEMPATH\CodeIgniter.php(933): App\Controllers\InvoiceController->store()
10 SYSTEMPATH\CodeIgniter.php(509): CodeIgniter\CodeIgniter->runController(Object(App\Controllers\InvoiceController))
11 SYSTEMPATH\CodeIgniter.php(355): CodeIgniter\CodeIgniter->handleRequest(null, Object(Config\Cache), false)
12 SYSTEMPATH\Boot.php(325): CodeIgniter\CodeIgniter->run()
13 SYSTEMPATH\Boot.php(67): CodeIgniter\Boot::runCodeIgniter(Object(CodeIgniter\CodeIgniter))
14 FCPATH\index.php(56): CodeIgniter\Boot::bootWeb(Object(Config\Paths))
ERROR - 2024-11-13 18:32:34 --> mysqli_sql_exception: Column 'total_amount' cannot be null in C:\xampp\htdocs\invoicing_system\system\Database\MySQLi\Connection.php:312
Stack trace:
#0 C:\xampp\htdocs\invoicing_system\system\Database\MySQLi\Connection.php(312): mysqli->query('INSERT INTO `in...', 0)
#1 C:\xampp\htdocs\invoicing_system\system\Database\BaseConnection.php(734): CodeIgniter\Database\MySQLi\Connection->execute('INSERT INTO `in...')
#2 C:\xampp\htdocs\invoicing_system\system\Database\BaseConnection.php(648): CodeIgniter\Database\BaseConnection->simpleQuery('INSERT INTO `in...')
#3 C:\xampp\htdocs\invoicing_system\system\Database\BaseBuilder.php(2340): CodeIgniter\Database\BaseConnection->query('INSERT INTO `in...', Array, false)
#4 C:\xampp\htdocs\invoicing_system\system\Model.php(394): CodeIgniter\Database\BaseBuilder->insert()
#5 C:\xampp\htdocs\invoicing_system\system\BaseModel.php(840): CodeIgniter\Model->doInsert(Array)
#6 C:\xampp\htdocs\invoicing_system\system\Model.php(802): CodeIgniter\BaseModel->insert(Array, true)
#7 C:\xampp\htdocs\invoicing_system\app\Controllers\InvoiceController.php(67): CodeIgniter\Model->insert(Array)
#8 C:\xampp\htdocs\invoicing_system\system\CodeIgniter.php(933): App\Controllers\InvoiceController->store()
#9 C:\xampp\htdocs\invoicing_system\system\CodeIgniter.php(509): CodeIgniter\CodeIgniter->runController(Object(App\Controllers\InvoiceController))
#10 C:\xampp\htdocs\invoicing_system\system\CodeIgniter.php(355): CodeIgniter\CodeIgniter->handleRequest(NULL, Object(Config\Cache), false)
#11 C:\xampp\htdocs\invoicing_system\system\Boot.php(325): CodeIgniter\CodeIgniter->run()
#12 C:\xampp\htdocs\invoicing_system\system\Boot.php(67): CodeIgniter\Boot::runCodeIgniter(Object(CodeIgniter\CodeIgniter))
#13 C:\xampp\htdocs\invoicing_system\index.php(56): CodeIgniter\Boot::bootWeb(Object(Config\Paths))
#14 {main}
CRITICAL - 2024-11-13 18:32:35 --> CodeIgniter\Database\Exceptions\DatabaseException: Column 'total_amount' cannot be null
[Method: POST, Route: invoice/store]
in SYSTEMPATH\Database\BaseConnection.php on line 688.
 1 SYSTEMPATH\Database\BaseBuilder.php(2340): CodeIgniter\Database\BaseConnection->query('INSERT INTO `invoices` (`customer_id`, `total_amount`, `discount`, `tax`, `final_amount`, `payment_method`, `created_at`) VALUES (:customer_id:, :total_amount:, :discount:, :tax:, :final_amount:, :payment_method:, :created_at:)', [...], false)
 2 SYSTEMPATH\Model.php(394): CodeIgniter\Database\BaseBuilder->insert()
 3 SYSTEMPATH\BaseModel.php(840): CodeIgniter\Model->doInsert([...])
 4 SYSTEMPATH\Model.php(802): CodeIgniter\BaseModel->insert([...], true)
 5 APPPATH\Controllers\InvoiceController.php(67): CodeIgniter\Model->insert([...])
 6 SYSTEMPATH\CodeIgniter.php(933): App\Controllers\InvoiceController->store()
 7 SYSTEMPATH\CodeIgniter.php(509): CodeIgniter\CodeIgniter->runController(Object(App\Controllers\InvoiceController))
 8 SYSTEMPATH\CodeIgniter.php(355): CodeIgniter\CodeIgniter->handleRequest(null, Object(Config\Cache), false)
 9 SYSTEMPATH\Boot.php(325): CodeIgniter\CodeIgniter->run()
10 SYSTEMPATH\Boot.php(67): CodeIgniter\Boot::runCodeIgniter(Object(CodeIgniter\CodeIgniter))
11 FCPATH\index.php(56): CodeIgniter\Boot::bootWeb(Object(Config\Paths))
CRITICAL - 2024-11-13 18:32:35 --> [Caused by] CodeIgniter\Database\Exceptions\DatabaseException: Column 'total_amount' cannot be null
in SYSTEMPATH\Database\MySQLi\Connection.php on line 317.
 1 SYSTEMPATH\Database\BaseConnection.php(734): CodeIgniter\Database\MySQLi\Connection->execute('INSERT INTO `invoices` (`customer_id`, `total_amount`, `discount`, `tax`, `final_amount`, `payment_method`, `created_at`) VALUES (\'2\', NULL, \'25\', \'10\', NULL, \'cash\', \'2024-11-13 18:32:34\')')
 2 SYSTEMPATH\Database\BaseConnection.php(648): CodeIgniter\Database\BaseConnection->simpleQuery('INSERT INTO `invoices` (`customer_id`, `total_amount`, `discount`, `tax`, `final_amount`, `payment_method`, `created_at`) VALUES (\'2\', NULL, \'25\', \'10\', NULL, \'cash\', \'2024-11-13 18:32:34\')')
 3 SYSTEMPATH\Database\BaseBuilder.php(2340): CodeIgniter\Database\BaseConnection->query('INSERT INTO `invoices` (`customer_id`, `total_amount`, `discount`, `tax`, `final_amount`, `payment_method`, `created_at`) VALUES (:customer_id:, :total_amount:, :discount:, :tax:, :final_amount:, :payment_method:, :created_at:)', [...], false)
 4 SYSTEMPATH\Model.php(394): CodeIgniter\Database\BaseBuilder->insert()
 5 SYSTEMPATH\BaseModel.php(840): CodeIgniter\Model->doInsert([...])
 6 SYSTEMPATH\Model.php(802): CodeIgniter\BaseModel->insert([...], true)
 7 APPPATH\Controllers\InvoiceController.php(67): CodeIgniter\Model->insert([...])
 8 SYSTEMPATH\CodeIgniter.php(933): App\Controllers\InvoiceController->store()
 9 SYSTEMPATH\CodeIgniter.php(509): CodeIgniter\CodeIgniter->runController(Object(App\Controllers\InvoiceController))
10 SYSTEMPATH\CodeIgniter.php(355): CodeIgniter\CodeIgniter->handleRequest(null, Object(Config\Cache), false)
11 SYSTEMPATH\Boot.php(325): CodeIgniter\CodeIgniter->run()
12 SYSTEMPATH\Boot.php(67): CodeIgniter\Boot::runCodeIgniter(Object(CodeIgniter\CodeIgniter))
13 FCPATH\index.php(56): CodeIgniter\Boot::bootWeb(Object(Config\Paths))
CRITICAL - 2024-11-13 18:32:35 --> [Caused by] mysqli_sql_exception: Column 'total_amount' cannot be null
in SYSTEMPATH\Database\MySQLi\Connection.php on line 312.
 1 SYSTEMPATH\Database\MySQLi\Connection.php(312): mysqli->query('INSERT INTO `invoices` (`customer_id`, `total_amount`, `discount`, `tax`, `final_amount`, `payment_method`, `created_at`) VALUES (\'2\', NULL, \'25\', \'10\', NULL, \'cash\', \'2024-11-13 18:32:34\')', 0)
 2 SYSTEMPATH\Database\BaseConnection.php(734): CodeIgniter\Database\MySQLi\Connection->execute('INSERT INTO `invoices` (`customer_id`, `total_amount`, `discount`, `tax`, `final_amount`, `payment_method`, `created_at`) VALUES (\'2\', NULL, \'25\', \'10\', NULL, \'cash\', \'2024-11-13 18:32:34\')')
 3 SYSTEMPATH\Database\BaseConnection.php(648): CodeIgniter\Database\BaseConnection->simpleQuery('INSERT INTO `invoices` (`customer_id`, `total_amount`, `discount`, `tax`, `final_amount`, `payment_method`, `created_at`) VALUES (\'2\', NULL, \'25\', \'10\', NULL, \'cash\', \'2024-11-13 18:32:34\')')
 4 SYSTEMPATH\Database\BaseBuilder.php(2340): CodeIgniter\Database\BaseConnection->query('INSERT INTO `invoices` (`customer_id`, `total_amount`, `discount`, `tax`, `final_amount`, `payment_method`, `created_at`) VALUES (:customer_id:, :total_amount:, :discount:, :tax:, :final_amount:, :payment_method:, :created_at:)', [...], false)
 5 SYSTEMPATH\Model.php(394): CodeIgniter\Database\BaseBuilder->insert()
 6 SYSTEMPATH\BaseModel.php(840): CodeIgniter\Model->doInsert([...])
 7 SYSTEMPATH\Model.php(802): CodeIgniter\BaseModel->insert([...], true)
 8 APPPATH\Controllers\InvoiceController.php(67): CodeIgniter\Model->insert([...])
 9 SYSTEMPATH\CodeIgniter.php(933): App\Controllers\InvoiceController->store()
10 SYSTEMPATH\CodeIgniter.php(509): CodeIgniter\CodeIgniter->runController(Object(App\Controllers\InvoiceController))
11 SYSTEMPATH\CodeIgniter.php(355): CodeIgniter\CodeIgniter->handleRequest(null, Object(Config\Cache), false)
12 SYSTEMPATH\Boot.php(325): CodeIgniter\CodeIgniter->run()
13 SYSTEMPATH\Boot.php(67): CodeIgniter\Boot::runCodeIgniter(Object(CodeIgniter\CodeIgniter))
14 FCPATH\index.php(56): CodeIgniter\Boot::bootWeb(Object(Config\Paths))
CRITICAL - 2024-11-13 18:55:48 --> ErrorException: Undefined array key "price"
[Method: POST, Route: invoice/store]
in APPPATH\Controllers\InvoiceController.php on line 76.
 1 APPPATH\Controllers\InvoiceController.php(76): CodeIgniter\Debug\Exceptions->errorHandler(2, 'Undefined array key "price"', 'C:\\xampp\\htdocs\\invoicing_system\\app\\Controllers\\InvoiceController.php', 76)
 2 SYSTEMPATH\CodeIgniter.php(933): App\Controllers\InvoiceController->store()
 3 SYSTEMPATH\CodeIgniter.php(509): CodeIgniter\CodeIgniter->runController(Object(App\Controllers\InvoiceController))
 4 SYSTEMPATH\CodeIgniter.php(355): CodeIgniter\CodeIgniter->handleRequest(null, Object(Config\Cache), false)
 5 SYSTEMPATH\Boot.php(325): CodeIgniter\CodeIgniter->run()
 6 SYSTEMPATH\Boot.php(67): CodeIgniter\Boot::runCodeIgniter(Object(CodeIgniter\CodeIgniter))
 7 FCPATH\index.php(56): CodeIgniter\Boot::bootWeb(Object(Config\Paths))
CRITICAL - 2024-11-13 18:59:06 --> ErrorException: Undefined array key "price"
[Method: POST, Route: invoice/store]
in APPPATH\Controllers\InvoiceController.php on line 72.
 1 APPPATH\Controllers\InvoiceController.php(72): CodeIgniter\Debug\Exceptions->errorHandler(2, 'Undefined array key "price"', 'C:\\xampp\\htdocs\\invoicing_system\\app\\Controllers\\InvoiceController.php', 72)
 2 SYSTEMPATH\CodeIgniter.php(933): App\Controllers\InvoiceController->store()
 3 SYSTEMPATH\CodeIgniter.php(509): CodeIgniter\CodeIgniter->runController(Object(App\Controllers\InvoiceController))
 4 SYSTEMPATH\CodeIgniter.php(355): CodeIgniter\CodeIgniter->handleRequest(null, Object(Config\Cache), false)
 5 SYSTEMPATH\Boot.php(325): CodeIgniter\CodeIgniter->run()
 6 SYSTEMPATH\Boot.php(67): CodeIgniter\Boot::runCodeIgniter(Object(CodeIgniter\CodeIgniter))
 7 FCPATH\index.php(56): CodeIgniter\Boot::bootWeb(Object(Config\Paths))
CRITICAL - 2024-11-13 19:01:34 --> ErrorException: Undefined array key "price"
[Method: POST, Route: invoice/store]
in APPPATH\Controllers\InvoiceController.php on line 72.
 1 APPPATH\Controllers\InvoiceController.php(72): CodeIgniter\Debug\Exceptions->errorHandler(2, 'Undefined array key "price"', 'C:\\xampp\\htdocs\\invoicing_system\\app\\Controllers\\InvoiceController.php', 72)
 2 SYSTEMPATH\CodeIgniter.php(933): App\Controllers\InvoiceController->store()
 3 SYSTEMPATH\CodeIgniter.php(509): CodeIgniter\CodeIgniter->runController(Object(App\Controllers\InvoiceController))
 4 SYSTEMPATH\CodeIgniter.php(355): CodeIgniter\CodeIgniter->handleRequest(null, Object(Config\Cache), false)
 5 SYSTEMPATH\Boot.php(325): CodeIgniter\CodeIgniter->run()
 6 SYSTEMPATH\Boot.php(67): CodeIgniter\Boot::runCodeIgniter(Object(CodeIgniter\CodeIgniter))
 7 FCPATH\index.php(56): CodeIgniter\Boot::bootWeb(Object(Config\Paths))
