ERROR - 2024-11-15 09:05:08 --> mysqli_sql_exception: Column 'customer_id' cannot be null in C:\xampp\htdocs\invoicing_system\system\Database\MySQLi\Connection.php:312
Stack trace:
#0 C:\xampp\htdocs\invoicing_system\system\Database\MySQLi\Connection.php(312): mysqli->query('INSERT INTO `in...', 0)
#1 C:\xampp\htdocs\invoicing_system\system\Database\BaseConnection.php(734): CodeIgniter\Database\MySQLi\Connection->execute('INSERT INTO `in...')
#2 C:\xampp\htdocs\invoicing_system\system\Database\BaseConnection.php(648): CodeIgniter\Database\BaseConnection->simpleQuery('INSERT INTO `in...')
#3 C:\xampp\htdocs\invoicing_system\system\Database\BaseBuilder.php(2340): CodeIgniter\Database\BaseConnection->query('INSERT INTO `in...', Array, false)
#4 C:\xampp\htdocs\invoicing_system\system\Model.php(394): CodeIgniter\Database\BaseBuilder->insert()
#5 C:\xampp\htdocs\invoicing_system\system\BaseModel.php(840): CodeIgniter\Model->doInsert(Array)
#6 C:\xampp\htdocs\invoicing_system\system\Model.php(802): CodeIgniter\BaseModel->insert(Array, true)
#7 C:\xampp\htdocs\invoicing_system\app\Controllers\InvoiceController.php(67): CodeIgniter\Model->insert(Array)
#8 C:\xampp\htdocs\invoicing_system\system\CodeIgniter.php(933): App\Controllers\InvoiceController->store()
#9 C:\xampp\htdocs\invoicing_system\system\CodeIgniter.php(509): CodeIgniter\CodeIgniter->runController(Object(App\Controllers\InvoiceController))
#10 C:\xampp\htdocs\invoicing_system\system\CodeIgniter.php(355): CodeIgniter\CodeIgniter->handleRequest(NULL, Object(Config\Cache), false)
#11 C:\xampp\htdocs\invoicing_system\system\Boot.php(325): CodeIgniter\CodeIgniter->run()
#12 C:\xampp\htdocs\invoicing_system\system\Boot.php(67): CodeIgniter\Boot::runCodeIgniter(Object(CodeIgniter\CodeIgniter))
#13 C:\xampp\htdocs\invoicing_system\index.php(56): CodeIgniter\Boot::bootWeb(Object(Config\Paths))
#14 {main}
CRITICAL - 2024-11-15 09:05:08 --> CodeIgniter\Database\Exceptions\DatabaseException: Column 'customer_id' cannot be null
[Method: GET, Route: invoice/store]
in SYSTEMPATH\Database\BaseConnection.php on line 688.
 1 SYSTEMPATH\Database\BaseBuilder.php(2340): CodeIgniter\Database\BaseConnection->query('INSERT INTO `invoices` (`customer_id`, `total_amount`, `discount`, `tax`, `final_amount`, `payment_method`, `created_at`) VALUES (:customer_id:, :total_amount:, :discount:, :tax:, :final_amount:, :payment_method:, :created_at:)', [...], false)
 2 SYSTEMPATH\Model.php(394): CodeIgniter\Database\BaseBuilder->insert()
 3 SYSTEMPATH\BaseModel.php(840): CodeIgniter\Model->doInsert([...])
 4 SYSTEMPATH\Model.php(802): CodeIgniter\BaseModel->insert([...], true)
 5 APPPATH\Controllers\InvoiceController.php(67): CodeIgniter\Model->insert([...])
 6 SYSTEMPATH\CodeIgniter.php(933): App\Controllers\InvoiceController->store()
 7 SYSTEMPATH\CodeIgniter.php(509): CodeIgniter\CodeIgniter->runController(Object(App\Controllers\InvoiceController))
 8 SYSTEMPATH\CodeIgniter.php(355): CodeIgniter\CodeIgniter->handleRequest(null, Object(Config\Cache), false)
 9 SYSTEMPATH\Boot.php(325): CodeIgniter\CodeIgniter->run()
10 SYSTEMPATH\Boot.php(67): CodeIgniter\Boot::runCodeIgniter(Object(CodeIgniter\CodeIgniter))
11 FCPATH\index.php(56): CodeIgniter\Boot::bootWeb(Object(Config\Paths))
CRITICAL - 2024-11-15 09:05:08 --> [Caused by] CodeIgniter\Database\Exceptions\DatabaseException: Column 'customer_id' cannot be null
in SYSTEMPATH\Database\MySQLi\Connection.php on line 317.
 1 SYSTEMPATH\Database\BaseConnection.php(734): CodeIgniter\Database\MySQLi\Connection->execute('INSERT INTO `invoices` (`customer_id`, `total_amount`, `discount`, `tax`, `final_amount`, `payment_method`, `created_at`) VALUES (NULL, \'0.00\', \'0.00\', \'0.00\', \'0.00\', NULL, \'2024-11-15 09:05:08\')')
 2 SYSTEMPATH\Database\BaseConnection.php(648): CodeIgniter\Database\BaseConnection->simpleQuery('INSERT INTO `invoices` (`customer_id`, `total_amount`, `discount`, `tax`, `final_amount`, `payment_method`, `created_at`) VALUES (NULL, \'0.00\', \'0.00\', \'0.00\', \'0.00\', NULL, \'2024-11-15 09:05:08\')')
 3 SYSTEMPATH\Database\BaseBuilder.php(2340): CodeIgniter\Database\BaseConnection->query('INSERT INTO `invoices` (`customer_id`, `total_amount`, `discount`, `tax`, `final_amount`, `payment_method`, `created_at`) VALUES (:customer_id:, :total_amount:, :discount:, :tax:, :final_amount:, :payment_method:, :created_at:)', [...], false)
 4 SYSTEMPATH\Model.php(394): CodeIgniter\Database\BaseBuilder->insert()
 5 SYSTEMPATH\BaseModel.php(840): CodeIgniter\Model->doInsert([...])
 6 SYSTEMPATH\Model.php(802): CodeIgniter\BaseModel->insert([...], true)
 7 APPPATH\Controllers\InvoiceController.php(67): CodeIgniter\Model->insert([...])
 8 SYSTEMPATH\CodeIgniter.php(933): App\Controllers\InvoiceController->store()
 9 SYSTEMPATH\CodeIgniter.php(509): CodeIgniter\CodeIgniter->runController(Object(App\Controllers\InvoiceController))
10 SYSTEMPATH\CodeIgniter.php(355): CodeIgniter\CodeIgniter->handleRequest(null, Object(Config\Cache), false)
11 SYSTEMPATH\Boot.php(325): CodeIgniter\CodeIgniter->run()
12 SYSTEMPATH\Boot.php(67): CodeIgniter\Boot::runCodeIgniter(Object(CodeIgniter\CodeIgniter))
13 FCPATH\index.php(56): CodeIgniter\Boot::bootWeb(Object(Config\Paths))
CRITICAL - 2024-11-15 09:05:08 --> [Caused by] mysqli_sql_exception: Column 'customer_id' cannot be null
in SYSTEMPATH\Database\MySQLi\Connection.php on line 312.
 1 SYSTEMPATH\Database\MySQLi\Connection.php(312): mysqli->query('INSERT INTO `invoices` (`customer_id`, `total_amount`, `discount`, `tax`, `final_amount`, `payment_method`, `created_at`) VALUES (NULL, \'0.00\', \'0.00\', \'0.00\', \'0.00\', NULL, \'2024-11-15 09:05:08\')', 0)
 2 SYSTEMPATH\Database\BaseConnection.php(734): CodeIgniter\Database\MySQLi\Connection->execute('INSERT INTO `invoices` (`customer_id`, `total_amount`, `discount`, `tax`, `final_amount`, `payment_method`, `created_at`) VALUES (NULL, \'0.00\', \'0.00\', \'0.00\', \'0.00\', NULL, \'2024-11-15 09:05:08\')')
 3 SYSTEMPATH\Database\BaseConnection.php(648): CodeIgniter\Database\BaseConnection->simpleQuery('INSERT INTO `invoices` (`customer_id`, `total_amount`, `discount`, `tax`, `final_amount`, `payment_method`, `created_at`) VALUES (NULL, \'0.00\', \'0.00\', \'0.00\', \'0.00\', NULL, \'2024-11-15 09:05:08\')')
 4 SYSTEMPATH\Database\BaseBuilder.php(2340): CodeIgniter\Database\BaseConnection->query('INSERT INTO `invoices` (`customer_id`, `total_amount`, `discount`, `tax`, `final_amount`, `payment_method`, `created_at`) VALUES (:customer_id:, :total_amount:, :discount:, :tax:, :final_amount:, :payment_method:, :created_at:)', [...], false)
 5 SYSTEMPATH\Model.php(394): CodeIgniter\Database\BaseBuilder->insert()
 6 SYSTEMPATH\BaseModel.php(840): CodeIgniter\Model->doInsert([...])
 7 SYSTEMPATH\Model.php(802): CodeIgniter\BaseModel->insert([...], true)
 8 APPPATH\Controllers\InvoiceController.php(67): CodeIgniter\Model->insert([...])
 9 SYSTEMPATH\CodeIgniter.php(933): App\Controllers\InvoiceController->store()
10 SYSTEMPATH\CodeIgniter.php(509): CodeIgniter\CodeIgniter->runController(Object(App\Controllers\InvoiceController))
11 SYSTEMPATH\CodeIgniter.php(355): CodeIgniter\CodeIgniter->handleRequest(null, Object(Config\Cache), false)
12 SYSTEMPATH\Boot.php(325): CodeIgniter\CodeIgniter->run()
13 SYSTEMPATH\Boot.php(67): CodeIgniter\Boot::runCodeIgniter(Object(CodeIgniter\CodeIgniter))
14 FCPATH\index.php(56): CodeIgniter\Boot::bootWeb(Object(Config\Paths))
ERROR - 2024-11-15 09:05:29 --> mysqli_sql_exception: Column 'customer_id' cannot be null in C:\xampp\htdocs\invoicing_system\system\Database\MySQLi\Connection.php:312
Stack trace:
#0 C:\xampp\htdocs\invoicing_system\system\Database\MySQLi\Connection.php(312): mysqli->query('INSERT INTO `in...', 0)
#1 C:\xampp\htdocs\invoicing_system\system\Database\BaseConnection.php(734): CodeIgniter\Database\MySQLi\Connection->execute('INSERT INTO `in...')
#2 C:\xampp\htdocs\invoicing_system\system\Database\BaseConnection.php(648): CodeIgniter\Database\BaseConnection->simpleQuery('INSERT INTO `in...')
#3 C:\xampp\htdocs\invoicing_system\system\Database\BaseBuilder.php(2340): CodeIgniter\Database\BaseConnection->query('INSERT INTO `in...', Array, false)
#4 C:\xampp\htdocs\invoicing_system\system\Model.php(394): CodeIgniter\Database\BaseBuilder->insert()
#5 C:\xampp\htdocs\invoicing_system\system\BaseModel.php(840): CodeIgniter\Model->doInsert(Array)
#6 C:\xampp\htdocs\invoicing_system\system\Model.php(802): CodeIgniter\BaseModel->insert(Array, true)
#7 C:\xampp\htdocs\invoicing_system\app\Controllers\InvoiceController.php(67): CodeIgniter\Model->insert(Array)
#8 C:\xampp\htdocs\invoicing_system\system\CodeIgniter.php(933): App\Controllers\InvoiceController->store()
#9 C:\xampp\htdocs\invoicing_system\system\CodeIgniter.php(509): CodeIgniter\CodeIgniter->runController(Object(App\Controllers\InvoiceController))
#10 C:\xampp\htdocs\invoicing_system\system\CodeIgniter.php(355): CodeIgniter\CodeIgniter->handleRequest(NULL, Object(Config\Cache), false)
#11 C:\xampp\htdocs\invoicing_system\system\Boot.php(325): CodeIgniter\CodeIgniter->run()
#12 C:\xampp\htdocs\invoicing_system\system\Boot.php(67): CodeIgniter\Boot::runCodeIgniter(Object(CodeIgniter\CodeIgniter))
#13 C:\xampp\htdocs\invoicing_system\index.php(56): CodeIgniter\Boot::bootWeb(Object(Config\Paths))
#14 {main}
CRITICAL - 2024-11-15 09:05:29 --> CodeIgniter\Database\Exceptions\DatabaseException: Column 'customer_id' cannot be null
[Method: GET, Route: invoice/store]
in SYSTEMPATH\Database\BaseConnection.php on line 688.
 1 SYSTEMPATH\Database\BaseBuilder.php(2340): CodeIgniter\Database\BaseConnection->query('INSERT INTO `invoices` (`customer_id`, `total_amount`, `discount`, `tax`, `final_amount`, `payment_method`, `created_at`) VALUES (:customer_id:, :total_amount:, :discount:, :tax:, :final_amount:, :payment_method:, :created_at:)', [...], false)
 2 SYSTEMPATH\Model.php(394): CodeIgniter\Database\BaseBuilder->insert()
 3 SYSTEMPATH\BaseModel.php(840): CodeIgniter\Model->doInsert([...])
 4 SYSTEMPATH\Model.php(802): CodeIgniter\BaseModel->insert([...], true)
 5 APPPATH\Controllers\InvoiceController.php(67): CodeIgniter\Model->insert([...])
 6 SYSTEMPATH\CodeIgniter.php(933): App\Controllers\InvoiceController->store()
 7 SYSTEMPATH\CodeIgniter.php(509): CodeIgniter\CodeIgniter->runController(Object(App\Controllers\InvoiceController))
 8 SYSTEMPATH\CodeIgniter.php(355): CodeIgniter\CodeIgniter->handleRequest(null, Object(Config\Cache), false)
 9 SYSTEMPATH\Boot.php(325): CodeIgniter\CodeIgniter->run()
10 SYSTEMPATH\Boot.php(67): CodeIgniter\Boot::runCodeIgniter(Object(CodeIgniter\CodeIgniter))
11 FCPATH\index.php(56): CodeIgniter\Boot::bootWeb(Object(Config\Paths))
CRITICAL - 2024-11-15 09:05:29 --> [Caused by] CodeIgniter\Database\Exceptions\DatabaseException: Column 'customer_id' cannot be null
in SYSTEMPATH\Database\MySQLi\Connection.php on line 317.
 1 SYSTEMPATH\Database\BaseConnection.php(734): CodeIgniter\Database\MySQLi\Connection->execute('INSERT INTO `invoices` (`customer_id`, `total_amount`, `discount`, `tax`, `final_amount`, `payment_method`, `created_at`) VALUES (NULL, \'0.00\', \'0.00\', \'0.00\', \'0.00\', NULL, \'2024-11-15 09:05:29\')')
 2 SYSTEMPATH\Database\BaseConnection.php(648): CodeIgniter\Database\BaseConnection->simpleQuery('INSERT INTO `invoices` (`customer_id`, `total_amount`, `discount`, `tax`, `final_amount`, `payment_method`, `created_at`) VALUES (NULL, \'0.00\', \'0.00\', \'0.00\', \'0.00\', NULL, \'2024-11-15 09:05:29\')')
 3 SYSTEMPATH\Database\BaseBuilder.php(2340): CodeIgniter\Database\BaseConnection->query('INSERT INTO `invoices` (`customer_id`, `total_amount`, `discount`, `tax`, `final_amount`, `payment_method`, `created_at`) VALUES (:customer_id:, :total_amount:, :discount:, :tax:, :final_amount:, :payment_method:, :created_at:)', [...], false)
 4 SYSTEMPATH\Model.php(394): CodeIgniter\Database\BaseBuilder->insert()
 5 SYSTEMPATH\BaseModel.php(840): CodeIgniter\Model->doInsert([...])
 6 SYSTEMPATH\Model.php(802): CodeIgniter\BaseModel->insert([...], true)
 7 APPPATH\Controllers\InvoiceController.php(67): CodeIgniter\Model->insert([...])
 8 SYSTEMPATH\CodeIgniter.php(933): App\Controllers\InvoiceController->store()
 9 SYSTEMPATH\CodeIgniter.php(509): CodeIgniter\CodeIgniter->runController(Object(App\Controllers\InvoiceController))
10 SYSTEMPATH\CodeIgniter.php(355): CodeIgniter\CodeIgniter->handleRequest(null, Object(Config\Cache), false)
11 SYSTEMPATH\Boot.php(325): CodeIgniter\CodeIgniter->run()
12 SYSTEMPATH\Boot.php(67): CodeIgniter\Boot::runCodeIgniter(Object(CodeIgniter\CodeIgniter))
13 FCPATH\index.php(56): CodeIgniter\Boot::bootWeb(Object(Config\Paths))
CRITICAL - 2024-11-15 09:05:29 --> [Caused by] mysqli_sql_exception: Column 'customer_id' cannot be null
in SYSTEMPATH\Database\MySQLi\Connection.php on line 312.
 1 SYSTEMPATH\Database\MySQLi\Connection.php(312): mysqli->query('INSERT INTO `invoices` (`customer_id`, `total_amount`, `discount`, `tax`, `final_amount`, `payment_method`, `created_at`) VALUES (NULL, \'0.00\', \'0.00\', \'0.00\', \'0.00\', NULL, \'2024-11-15 09:05:29\')', 0)
 2 SYSTEMPATH\Database\BaseConnection.php(734): CodeIgniter\Database\MySQLi\Connection->execute('INSERT INTO `invoices` (`customer_id`, `total_amount`, `discount`, `tax`, `final_amount`, `payment_method`, `created_at`) VALUES (NULL, \'0.00\', \'0.00\', \'0.00\', \'0.00\', NULL, \'2024-11-15 09:05:29\')')
 3 SYSTEMPATH\Database\BaseConnection.php(648): CodeIgniter\Database\BaseConnection->simpleQuery('INSERT INTO `invoices` (`customer_id`, `total_amount`, `discount`, `tax`, `final_amount`, `payment_method`, `created_at`) VALUES (NULL, \'0.00\', \'0.00\', \'0.00\', \'0.00\', NULL, \'2024-11-15 09:05:29\')')
 4 SYSTEMPATH\Database\BaseBuilder.php(2340): CodeIgniter\Database\BaseConnection->query('INSERT INTO `invoices` (`customer_id`, `total_amount`, `discount`, `tax`, `final_amount`, `payment_method`, `created_at`) VALUES (:customer_id:, :total_amount:, :discount:, :tax:, :final_amount:, :payment_method:, :created_at:)', [...], false)
 5 SYSTEMPATH\Model.php(394): CodeIgniter\Database\BaseBuilder->insert()
 6 SYSTEMPATH\BaseModel.php(840): CodeIgniter\Model->doInsert([...])
 7 SYSTEMPATH\Model.php(802): CodeIgniter\BaseModel->insert([...], true)
 8 APPPATH\Controllers\InvoiceController.php(67): CodeIgniter\Model->insert([...])
 9 SYSTEMPATH\CodeIgniter.php(933): App\Controllers\InvoiceController->store()
10 SYSTEMPATH\CodeIgniter.php(509): CodeIgniter\CodeIgniter->runController(Object(App\Controllers\InvoiceController))
11 SYSTEMPATH\CodeIgniter.php(355): CodeIgniter\CodeIgniter->handleRequest(null, Object(Config\Cache), false)
12 SYSTEMPATH\Boot.php(325): CodeIgniter\CodeIgniter->run()
13 SYSTEMPATH\Boot.php(67): CodeIgniter\Boot::runCodeIgniter(Object(CodeIgniter\CodeIgniter))
14 FCPATH\index.php(56): CodeIgniter\Boot::bootWeb(Object(Config\Paths))
ERROR - 2024-11-15 09:08:47 --> mysqli_sql_exception: Column 'customer_id' cannot be null in C:\xampp\htdocs\invoicing_system\system\Database\MySQLi\Connection.php:312
Stack trace:
#0 C:\xampp\htdocs\invoicing_system\system\Database\MySQLi\Connection.php(312): mysqli->query('INSERT INTO `in...', 0)
#1 C:\xampp\htdocs\invoicing_system\system\Database\BaseConnection.php(734): CodeIgniter\Database\MySQLi\Connection->execute('INSERT INTO `in...')
#2 C:\xampp\htdocs\invoicing_system\system\Database\BaseConnection.php(648): CodeIgniter\Database\BaseConnection->simpleQuery('INSERT INTO `in...')
#3 C:\xampp\htdocs\invoicing_system\system\Database\BaseBuilder.php(2340): CodeIgniter\Database\BaseConnection->query('INSERT INTO `in...', Array, false)
#4 C:\xampp\htdocs\invoicing_system\system\Model.php(394): CodeIgniter\Database\BaseBuilder->insert()
#5 C:\xampp\htdocs\invoicing_system\system\BaseModel.php(840): CodeIgniter\Model->doInsert(Array)
#6 C:\xampp\htdocs\invoicing_system\system\Model.php(802): CodeIgniter\BaseModel->insert(Array, true)
#7 C:\xampp\htdocs\invoicing_system\app\Controllers\InvoiceController.php(67): CodeIgniter\Model->insert(Array)
#8 C:\xampp\htdocs\invoicing_system\system\CodeIgniter.php(933): App\Controllers\InvoiceController->store()
#9 C:\xampp\htdocs\invoicing_system\system\CodeIgniter.php(509): CodeIgniter\CodeIgniter->runController(Object(App\Controllers\InvoiceController))
#10 C:\xampp\htdocs\invoicing_system\system\CodeIgniter.php(355): CodeIgniter\CodeIgniter->handleRequest(NULL, Object(Config\Cache), false)
#11 C:\xampp\htdocs\invoicing_system\system\Boot.php(325): CodeIgniter\CodeIgniter->run()
#12 C:\xampp\htdocs\invoicing_system\system\Boot.php(67): CodeIgniter\Boot::runCodeIgniter(Object(CodeIgniter\CodeIgniter))
#13 C:\xampp\htdocs\invoicing_system\index.php(56): CodeIgniter\Boot::bootWeb(Object(Config\Paths))
#14 {main}
CRITICAL - 2024-11-15 09:08:47 --> CodeIgniter\Database\Exceptions\DatabaseException: Column 'customer_id' cannot be null
[Method: GET, Route: invoice/store]
in SYSTEMPATH\Database\BaseConnection.php on line 688.
 1 SYSTEMPATH\Database\BaseBuilder.php(2340): CodeIgniter\Database\BaseConnection->query('INSERT INTO `invoices` (`customer_id`, `total_amount`, `discount`, `tax`, `final_amount`, `payment_method`, `created_at`) VALUES (:customer_id:, :total_amount:, :discount:, :tax:, :final_amount:, :payment_method:, :created_at:)', [...], false)
 2 SYSTEMPATH\Model.php(394): CodeIgniter\Database\BaseBuilder->insert()
 3 SYSTEMPATH\BaseModel.php(840): CodeIgniter\Model->doInsert([...])
 4 SYSTEMPATH\Model.php(802): CodeIgniter\BaseModel->insert([...], true)
 5 APPPATH\Controllers\InvoiceController.php(67): CodeIgniter\Model->insert([...])
 6 SYSTEMPATH\CodeIgniter.php(933): App\Controllers\InvoiceController->store()
 7 SYSTEMPATH\CodeIgniter.php(509): CodeIgniter\CodeIgniter->runController(Object(App\Controllers\InvoiceController))
 8 SYSTEMPATH\CodeIgniter.php(355): CodeIgniter\CodeIgniter->handleRequest(null, Object(Config\Cache), false)
 9 SYSTEMPATH\Boot.php(325): CodeIgniter\CodeIgniter->run()
10 SYSTEMPATH\Boot.php(67): CodeIgniter\Boot::runCodeIgniter(Object(CodeIgniter\CodeIgniter))
11 FCPATH\index.php(56): CodeIgniter\Boot::bootWeb(Object(Config\Paths))
CRITICAL - 2024-11-15 09:08:47 --> [Caused by] CodeIgniter\Database\Exceptions\DatabaseException: Column 'customer_id' cannot be null
in SYSTEMPATH\Database\MySQLi\Connection.php on line 317.
 1 SYSTEMPATH\Database\BaseConnection.php(734): CodeIgniter\Database\MySQLi\Connection->execute('INSERT INTO `invoices` (`customer_id`, `total_amount`, `discount`, `tax`, `final_amount`, `payment_method`, `created_at`) VALUES (NULL, \'0.00\', \'0.00\', \'0.00\', \'0.00\', NULL, \'2024-11-15 09:08:47\')')
 2 SYSTEMPATH\Database\BaseConnection.php(648): CodeIgniter\Database\BaseConnection->simpleQuery('INSERT INTO `invoices` (`customer_id`, `total_amount`, `discount`, `tax`, `final_amount`, `payment_method`, `created_at`) VALUES (NULL, \'0.00\', \'0.00\', \'0.00\', \'0.00\', NULL, \'2024-11-15 09:08:47\')')
 3 SYSTEMPATH\Database\BaseBuilder.php(2340): CodeIgniter\Database\BaseConnection->query('INSERT INTO `invoices` (`customer_id`, `total_amount`, `discount`, `tax`, `final_amount`, `payment_method`, `created_at`) VALUES (:customer_id:, :total_amount:, :discount:, :tax:, :final_amount:, :payment_method:, :created_at:)', [...], false)
 4 SYSTEMPATH\Model.php(394): CodeIgniter\Database\BaseBuilder->insert()
 5 SYSTEMPATH\BaseModel.php(840): CodeIgniter\Model->doInsert([...])
 6 SYSTEMPATH\Model.php(802): CodeIgniter\BaseModel->insert([...], true)
 7 APPPATH\Controllers\InvoiceController.php(67): CodeIgniter\Model->insert([...])
 8 SYSTEMPATH\CodeIgniter.php(933): App\Controllers\InvoiceController->store()
 9 SYSTEMPATH\CodeIgniter.php(509): CodeIgniter\CodeIgniter->runController(Object(App\Controllers\InvoiceController))
10 SYSTEMPATH\CodeIgniter.php(355): CodeIgniter\CodeIgniter->handleRequest(null, Object(Config\Cache), false)
11 SYSTEMPATH\Boot.php(325): CodeIgniter\CodeIgniter->run()
12 SYSTEMPATH\Boot.php(67): CodeIgniter\Boot::runCodeIgniter(Object(CodeIgniter\CodeIgniter))
13 FCPATH\index.php(56): CodeIgniter\Boot::bootWeb(Object(Config\Paths))
CRITICAL - 2024-11-15 09:08:47 --> [Caused by] mysqli_sql_exception: Column 'customer_id' cannot be null
in SYSTEMPATH\Database\MySQLi\Connection.php on line 312.
 1 SYSTEMPATH\Database\MySQLi\Connection.php(312): mysqli->query('INSERT INTO `invoices` (`customer_id`, `total_amount`, `discount`, `tax`, `final_amount`, `payment_method`, `created_at`) VALUES (NULL, \'0.00\', \'0.00\', \'0.00\', \'0.00\', NULL, \'2024-11-15 09:08:47\')', 0)
 2 SYSTEMPATH\Database\BaseConnection.php(734): CodeIgniter\Database\MySQLi\Connection->execute('INSERT INTO `invoices` (`customer_id`, `total_amount`, `discount`, `tax`, `final_amount`, `payment_method`, `created_at`) VALUES (NULL, \'0.00\', \'0.00\', \'0.00\', \'0.00\', NULL, \'2024-11-15 09:08:47\')')
 3 SYSTEMPATH\Database\BaseConnection.php(648): CodeIgniter\Database\BaseConnection->simpleQuery('INSERT INTO `invoices` (`customer_id`, `total_amount`, `discount`, `tax`, `final_amount`, `payment_method`, `created_at`) VALUES (NULL, \'0.00\', \'0.00\', \'0.00\', \'0.00\', NULL, \'2024-11-15 09:08:47\')')
 4 SYSTEMPATH\Database\BaseBuilder.php(2340): CodeIgniter\Database\BaseConnection->query('INSERT INTO `invoices` (`customer_id`, `total_amount`, `discount`, `tax`, `final_amount`, `payment_method`, `created_at`) VALUES (:customer_id:, :total_amount:, :discount:, :tax:, :final_amount:, :payment_method:, :created_at:)', [...], false)
 5 SYSTEMPATH\Model.php(394): CodeIgniter\Database\BaseBuilder->insert()
 6 SYSTEMPATH\BaseModel.php(840): CodeIgniter\Model->doInsert([...])
 7 SYSTEMPATH\Model.php(802): CodeIgniter\BaseModel->insert([...], true)
 8 APPPATH\Controllers\InvoiceController.php(67): CodeIgniter\Model->insert([...])
 9 SYSTEMPATH\CodeIgniter.php(933): App\Controllers\InvoiceController->store()
10 SYSTEMPATH\CodeIgniter.php(509): CodeIgniter\CodeIgniter->runController(Object(App\Controllers\InvoiceController))
11 SYSTEMPATH\CodeIgniter.php(355): CodeIgniter\CodeIgniter->handleRequest(null, Object(Config\Cache), false)
12 SYSTEMPATH\Boot.php(325): CodeIgniter\CodeIgniter->run()
13 SYSTEMPATH\Boot.php(67): CodeIgniter\Boot::runCodeIgniter(Object(CodeIgniter\CodeIgniter))
14 FCPATH\index.php(56): CodeIgniter\Boot::bootWeb(Object(Config\Paths))
CRITICAL - 2024-11-15 09:12:14 --> ErrorException: Undefined array key "price"
[Method: POST, Route: invoice/store]
in APPPATH\Controllers\InvoiceController.php on line 76.
 1 APPPATH\Controllers\InvoiceController.php(76): CodeIgniter\Debug\Exceptions->errorHandler(2, 'Undefined array key "price"', 'C:\\xampp\\htdocs\\invoicing_system\\app\\Controllers\\InvoiceController.php', 76)
 2 SYSTEMPATH\CodeIgniter.php(933): App\Controllers\InvoiceController->store()
 3 SYSTEMPATH\CodeIgniter.php(509): CodeIgniter\CodeIgniter->runController(Object(App\Controllers\InvoiceController))
 4 SYSTEMPATH\CodeIgniter.php(355): CodeIgniter\CodeIgniter->handleRequest(null, Object(Config\Cache), false)
 5 SYSTEMPATH\Boot.php(325): CodeIgniter\CodeIgniter->run()
 6 SYSTEMPATH\Boot.php(67): CodeIgniter\Boot::runCodeIgniter(Object(CodeIgniter\CodeIgniter))
 7 FCPATH\index.php(56): CodeIgniter\Boot::bootWeb(Object(Config\Paths))
CRITICAL - 2024-11-15 09:17:18 --> ErrorException: Undefined array key "price"
[Method: POST, Route: invoice/store]
in APPPATH\Controllers\InvoiceController.php on line 76.
 1 APPPATH\Controllers\InvoiceController.php(76): CodeIgniter\Debug\Exceptions->errorHandler(2, 'Undefined array key "price"', 'C:\\xampp\\htdocs\\invoicing_system\\app\\Controllers\\InvoiceController.php', 76)
 2 SYSTEMPATH\CodeIgniter.php(933): App\Controllers\InvoiceController->store()
 3 SYSTEMPATH\CodeIgniter.php(509): CodeIgniter\CodeIgniter->runController(Object(App\Controllers\InvoiceController))
 4 SYSTEMPATH\CodeIgniter.php(355): CodeIgniter\CodeIgniter->handleRequest(null, Object(Config\Cache), false)
 5 SYSTEMPATH\Boot.php(325): CodeIgniter\CodeIgniter->run()
 6 SYSTEMPATH\Boot.php(67): CodeIgniter\Boot::runCodeIgniter(Object(CodeIgniter\CodeIgniter))
 7 FCPATH\index.php(56): CodeIgniter\Boot::bootWeb(Object(Config\Paths))
CRITICAL - 2024-11-15 09:20:28 --> ParseError: syntax error, unexpected token "\"
[Method: POST, Route: invoice/store]
in APPPATH\Controllers\InvoiceController.php on line 65.
 1 SYSTEMPATH\Autoloader\Autoloader.php(296): CodeIgniter\Autoloader\Autoloader->includeFile('C:\\xampp\\htdocs\\invoicing_system\\app\\Controllers\\InvoiceController.php')
 2 SYSTEMPATH\Autoloader\Autoloader.php(272): CodeIgniter\Autoloader\Autoloader->loadInNamespace('App\\Controllers\\InvoiceController')
 3 [internal function]: CodeIgniter\Autoloader\Autoloader->loadClass('App\\Controllers\\InvoiceController')
 4 SYSTEMPATH\CodeIgniter.php(887): class_exists('\\App\\Controllers\\InvoiceController', true)
 5 SYSTEMPATH\CodeIgniter.php(496): CodeIgniter\CodeIgniter->startController()
 6 SYSTEMPATH\CodeIgniter.php(355): CodeIgniter\CodeIgniter->handleRequest(null, Object(Config\Cache), false)
 7 SYSTEMPATH\Boot.php(325): CodeIgniter\CodeIgniter->run()
 8 SYSTEMPATH\Boot.php(67): CodeIgniter\Boot::runCodeIgniter(Object(CodeIgniter\CodeIgniter))
 9 FCPATH\index.php(56): CodeIgniter\Boot::bootWeb(Object(Config\Paths))
CRITICAL - 2024-11-15 09:21:04 --> ParseError: syntax error, unexpected token "\"
[Method: POST, Route: invoice/store]
in APPPATH\Controllers\InvoiceController.php on line 65.
 1 SYSTEMPATH\Autoloader\Autoloader.php(296): CodeIgniter\Autoloader\Autoloader->includeFile('C:\\xampp\\htdocs\\invoicing_system\\app\\Controllers\\InvoiceController.php')
 2 SYSTEMPATH\Autoloader\Autoloader.php(272): CodeIgniter\Autoloader\Autoloader->loadInNamespace('App\\Controllers\\InvoiceController')
 3 [internal function]: CodeIgniter\Autoloader\Autoloader->loadClass('App\\Controllers\\InvoiceController')
 4 SYSTEMPATH\CodeIgniter.php(887): class_exists('\\App\\Controllers\\InvoiceController', true)
 5 SYSTEMPATH\CodeIgniter.php(496): CodeIgniter\CodeIgniter->startController()
 6 SYSTEMPATH\CodeIgniter.php(355): CodeIgniter\CodeIgniter->handleRequest(null, Object(Config\Cache), false)
 7 SYSTEMPATH\Boot.php(325): CodeIgniter\CodeIgniter->run()
 8 SYSTEMPATH\Boot.php(67): CodeIgniter\Boot::runCodeIgniter(Object(CodeIgniter\CodeIgniter))
 9 FCPATH\index.php(56): CodeIgniter\Boot::bootWeb(Object(Config\Paths))
CRITICAL - 2024-11-15 09:21:07 --> ParseError: syntax error, unexpected token "\"
[Method: POST, Route: invoice/store]
in APPPATH\Controllers\InvoiceController.php on line 65.
 1 SYSTEMPATH\Autoloader\Autoloader.php(296): CodeIgniter\Autoloader\Autoloader->includeFile('C:\\xampp\\htdocs\\invoicing_system\\app\\Controllers\\InvoiceController.php')
 2 SYSTEMPATH\Autoloader\Autoloader.php(272): CodeIgniter\Autoloader\Autoloader->loadInNamespace('App\\Controllers\\InvoiceController')
 3 [internal function]: CodeIgniter\Autoloader\Autoloader->loadClass('App\\Controllers\\InvoiceController')
 4 SYSTEMPATH\CodeIgniter.php(887): class_exists('\\App\\Controllers\\InvoiceController', true)
 5 SYSTEMPATH\CodeIgniter.php(496): CodeIgniter\CodeIgniter->startController()
 6 SYSTEMPATH\CodeIgniter.php(355): CodeIgniter\CodeIgniter->handleRequest(null, Object(Config\Cache), false)
 7 SYSTEMPATH\Boot.php(325): CodeIgniter\CodeIgniter->run()
 8 SYSTEMPATH\Boot.php(67): CodeIgniter\Boot::runCodeIgniter(Object(CodeIgniter\CodeIgniter))
 9 FCPATH\index.php(56): CodeIgniter\Boot::bootWeb(Object(Config\Paths))
CRITICAL - 2024-11-15 09:21:39 --> ParseError: syntax error, unexpected token "\"
[Method: POST, Route: invoice/store]
in APPPATH\Controllers\InvoiceController.php on line 65.
 1 SYSTEMPATH\Autoloader\Autoloader.php(296): CodeIgniter\Autoloader\Autoloader->includeFile('C:\\xampp\\htdocs\\invoicing_system\\app\\Controllers\\InvoiceController.php')
 2 SYSTEMPATH\Autoloader\Autoloader.php(272): CodeIgniter\Autoloader\Autoloader->loadInNamespace('App\\Controllers\\InvoiceController')
 3 [internal function]: CodeIgniter\Autoloader\Autoloader->loadClass('App\\Controllers\\InvoiceController')
 4 SYSTEMPATH\CodeIgniter.php(887): class_exists('\\App\\Controllers\\InvoiceController', true)
 5 SYSTEMPATH\CodeIgniter.php(496): CodeIgniter\CodeIgniter->startController()
 6 SYSTEMPATH\CodeIgniter.php(355): CodeIgniter\CodeIgniter->handleRequest(null, Object(Config\Cache), false)
 7 SYSTEMPATH\Boot.php(325): CodeIgniter\CodeIgniter->run()
 8 SYSTEMPATH\Boot.php(67): CodeIgniter\Boot::runCodeIgniter(Object(CodeIgniter\CodeIgniter))
 9 FCPATH\index.php(56): CodeIgniter\Boot::bootWeb(Object(Config\Paths))
CRITICAL - 2024-11-15 09:21:45 --> ParseError: syntax error, unexpected token "\"
[Method: POST, Route: invoice/store]
in APPPATH\Controllers\InvoiceController.php on line 65.
 1 SYSTEMPATH\Autoloader\Autoloader.php(296): CodeIgniter\Autoloader\Autoloader->includeFile('C:\\xampp\\htdocs\\invoicing_system\\app\\Controllers\\InvoiceController.php')
 2 SYSTEMPATH\Autoloader\Autoloader.php(272): CodeIgniter\Autoloader\Autoloader->loadInNamespace('App\\Controllers\\InvoiceController')
 3 [internal function]: CodeIgniter\Autoloader\Autoloader->loadClass('App\\Controllers\\InvoiceController')
 4 SYSTEMPATH\CodeIgniter.php(887): class_exists('\\App\\Controllers\\InvoiceController', true)
 5 SYSTEMPATH\CodeIgniter.php(496): CodeIgniter\CodeIgniter->startController()
 6 SYSTEMPATH\CodeIgniter.php(355): CodeIgniter\CodeIgniter->handleRequest(null, Object(Config\Cache), false)
 7 SYSTEMPATH\Boot.php(325): CodeIgniter\CodeIgniter->run()
 8 SYSTEMPATH\Boot.php(67): CodeIgniter\Boot::runCodeIgniter(Object(CodeIgniter\CodeIgniter))
 9 FCPATH\index.php(56): CodeIgniter\Boot::bootWeb(Object(Config\Paths))
CRITICAL - 2024-11-15 09:23:37 --> ErrorException: Undefined array key "price"
[Method: POST, Route: invoice/store]
in APPPATH\Controllers\InvoiceController.php on line 77.
 1 APPPATH\Controllers\InvoiceController.php(77): CodeIgniter\Debug\Exceptions->errorHandler(2, 'Undefined array key "price"', 'C:\\xampp\\htdocs\\invoicing_system\\app\\Controllers\\InvoiceController.php', 77)
 2 SYSTEMPATH\CodeIgniter.php(933): App\Controllers\InvoiceController->store()
 3 SYSTEMPATH\CodeIgniter.php(509): CodeIgniter\CodeIgniter->runController(Object(App\Controllers\InvoiceController))
 4 SYSTEMPATH\CodeIgniter.php(355): CodeIgniter\CodeIgniter->handleRequest(null, Object(Config\Cache), false)
 5 SYSTEMPATH\Boot.php(325): CodeIgniter\CodeIgniter->run()
 6 SYSTEMPATH\Boot.php(67): CodeIgniter\Boot::runCodeIgniter(Object(CodeIgniter\CodeIgniter))
 7 FCPATH\index.php(56): CodeIgniter\Boot::bootWeb(Object(Config\Paths))
CRITICAL - 2024-11-15 09:27:21 --> ErrorException: Undefined array key "price"
[Method: POST, Route: invoice/store]
in APPPATH\Controllers\InvoiceController.php on line 78.
 1 APPPATH\Controllers\InvoiceController.php(78): CodeIgniter\Debug\Exceptions->errorHandler(2, 'Undefined array key "price"', 'C:\\xampp\\htdocs\\invoicing_system\\app\\Controllers\\InvoiceController.php', 78)
 2 SYSTEMPATH\CodeIgniter.php(933): App\Controllers\InvoiceController->store()
 3 SYSTEMPATH\CodeIgniter.php(509): CodeIgniter\CodeIgniter->runController(Object(App\Controllers\InvoiceController))
 4 SYSTEMPATH\CodeIgniter.php(355): CodeIgniter\CodeIgniter->handleRequest(null, Object(Config\Cache), false)
 5 SYSTEMPATH\Boot.php(325): CodeIgniter\CodeIgniter->run()
 6 SYSTEMPATH\Boot.php(67): CodeIgniter\Boot::runCodeIgniter(Object(CodeIgniter\CodeIgniter))
 7 FCPATH\index.php(56): CodeIgniter\Boot::bootWeb(Object(Config\Paths))
CRITICAL - 2024-11-15 09:30:42 --> ErrorException: Undefined array key "price"
[Method: POST, Route: invoice/store]
in APPPATH\Controllers\InvoiceController.php on line 79.
 1 APPPATH\Controllers\InvoiceController.php(79): CodeIgniter\Debug\Exceptions->errorHandler(2, 'Undefined array key "price"', 'C:\\xampp\\htdocs\\invoicing_system\\app\\Controllers\\InvoiceController.php', 79)
 2 SYSTEMPATH\CodeIgniter.php(933): App\Controllers\InvoiceController->store()
 3 SYSTEMPATH\CodeIgniter.php(509): CodeIgniter\CodeIgniter->runController(Object(App\Controllers\InvoiceController))
 4 SYSTEMPATH\CodeIgniter.php(355): CodeIgniter\CodeIgniter->handleRequest(null, Object(Config\Cache), false)
 5 SYSTEMPATH\Boot.php(325): CodeIgniter\CodeIgniter->run()
 6 SYSTEMPATH\Boot.php(67): CodeIgniter\Boot::runCodeIgniter(Object(CodeIgniter\CodeIgniter))
 7 FCPATH\index.php(56): CodeIgniter\Boot::bootWeb(Object(Config\Paths))
CRITICAL - 2024-11-15 09:32:21 --> ErrorException: Undefined array key "price"
[Method: POST, Route: invoice/store]
in APPPATH\Controllers\InvoiceController.php on line 73.
 1 APPPATH\Controllers\InvoiceController.php(73): CodeIgniter\Debug\Exceptions->errorHandler(2, 'Undefined array key "price"', 'C:\\xampp\\htdocs\\invoicing_system\\app\\Controllers\\InvoiceController.php', 73)
 2 SYSTEMPATH\CodeIgniter.php(933): App\Controllers\InvoiceController->store()
 3 SYSTEMPATH\CodeIgniter.php(509): CodeIgniter\CodeIgniter->runController(Object(App\Controllers\InvoiceController))
 4 SYSTEMPATH\CodeIgniter.php(355): CodeIgniter\CodeIgniter->handleRequest(null, Object(Config\Cache), false)
 5 SYSTEMPATH\Boot.php(325): CodeIgniter\CodeIgniter->run()
 6 SYSTEMPATH\Boot.php(67): CodeIgniter\Boot::runCodeIgniter(Object(CodeIgniter\CodeIgniter))
 7 FCPATH\index.php(56): CodeIgniter\Boot::bootWeb(Object(Config\Paths))
CRITICAL - 2024-11-15 09:32:23 --> ErrorException: Undefined array key "price"
[Method: POST, Route: invoice/store]
in APPPATH\Controllers\InvoiceController.php on line 73.
 1 APPPATH\Controllers\InvoiceController.php(73): CodeIgniter\Debug\Exceptions->errorHandler(2, 'Undefined array key "price"', 'C:\\xampp\\htdocs\\invoicing_system\\app\\Controllers\\InvoiceController.php', 73)
 2 SYSTEMPATH\CodeIgniter.php(933): App\Controllers\InvoiceController->store()
 3 SYSTEMPATH\CodeIgniter.php(509): CodeIgniter\CodeIgniter->runController(Object(App\Controllers\InvoiceController))
 4 SYSTEMPATH\CodeIgniter.php(355): CodeIgniter\CodeIgniter->handleRequest(null, Object(Config\Cache), false)
 5 SYSTEMPATH\Boot.php(325): CodeIgniter\CodeIgniter->run()
 6 SYSTEMPATH\Boot.php(67): CodeIgniter\Boot::runCodeIgniter(Object(CodeIgniter\CodeIgniter))
 7 FCPATH\index.php(56): CodeIgniter\Boot::bootWeb(Object(Config\Paths))
CRITICAL - 2024-11-15 10:30:54 --> ErrorException: Undefined array key "product_name"
[Method: GET, Route: invoice/view/18]
in APPPATH\Views\invoice\view.php on line 14.
 1 APPPATH\Views\invoice\view.php(14): CodeIgniter\Debug\Exceptions->errorHandler(2, 'Undefined array key "product_name"', 'C:\\xampp\\htdocs\\invoicing_system\\app\\Views\\invoice\\view.php', 14)
 2 SYSTEMPATH\View\View.php(234): include('C:\\xampp\\htdocs\\invoicing_system\\app\\Views\\invoice\\view.php')
 3 SYSTEMPATH\View\View.php(237): CodeIgniter\View\View->CodeIgniter\View\{closure}()
 4 SYSTEMPATH\Common.php(1171): CodeIgniter\View\View->render('invoice/view', [], true)
 5 APPPATH\Controllers\InvoiceController.php(101): view('invoice/view', [...])
 6 SYSTEMPATH\CodeIgniter.php(933): App\Controllers\InvoiceController->view('18')
 7 SYSTEMPATH\CodeIgniter.php(509): CodeIgniter\CodeIgniter->runController(Object(App\Controllers\InvoiceController))
 8 SYSTEMPATH\CodeIgniter.php(355): CodeIgniter\CodeIgniter->handleRequest(null, Object(Config\Cache), false)
 9 SYSTEMPATH\Boot.php(325): CodeIgniter\CodeIgniter->run()
10 SYSTEMPATH\Boot.php(67): CodeIgniter\Boot::runCodeIgniter(Object(CodeIgniter\CodeIgniter))
11 FCPATH\index.php(56): CodeIgniter\Boot::bootWeb(Object(Config\Paths))
CRITICAL - 2024-11-15 10:31:36 --> ErrorException: Undefined array key "product_name"
[Method: GET, Route: invoice/view/18]
in APPPATH\Views\invoice\view.php on line 14.
 1 APPPATH\Views\invoice\view.php(14): CodeIgniter\Debug\Exceptions->errorHandler(2, 'Undefined array key "product_name"', 'C:\\xampp\\htdocs\\invoicing_system\\app\\Views\\invoice\\view.php', 14)
 2 SYSTEMPATH\View\View.php(234): include('C:\\xampp\\htdocs\\invoicing_system\\app\\Views\\invoice\\view.php')
 3 SYSTEMPATH\View\View.php(237): CodeIgniter\View\View->CodeIgniter\View\{closure}()
 4 SYSTEMPATH\Common.php(1171): CodeIgniter\View\View->render('invoice/view', [], true)
 5 APPPATH\Controllers\InvoiceController.php(101): view('invoice/view', [...])
 6 SYSTEMPATH\CodeIgniter.php(933): App\Controllers\InvoiceController->view('18')
 7 SYSTEMPATH\CodeIgniter.php(509): CodeIgniter\CodeIgniter->runController(Object(App\Controllers\InvoiceController))
 8 SYSTEMPATH\CodeIgniter.php(355): CodeIgniter\CodeIgniter->handleRequest(null, Object(Config\Cache), false)
 9 SYSTEMPATH\Boot.php(325): CodeIgniter\CodeIgniter->run()
10 SYSTEMPATH\Boot.php(67): CodeIgniter\Boot::runCodeIgniter(Object(CodeIgniter\CodeIgniter))
11 FCPATH\index.php(56): CodeIgniter\Boot::bootWeb(Object(Config\Paths))
CRITICAL - 2024-11-15 10:31:38 --> ErrorException: Undefined array key "product_name"
[Method: GET, Route: invoice/view/18]
in APPPATH\Views\invoice\view.php on line 14.
 1 APPPATH\Views\invoice\view.php(14): CodeIgniter\Debug\Exceptions->errorHandler(2, 'Undefined array key "product_name"', 'C:\\xampp\\htdocs\\invoicing_system\\app\\Views\\invoice\\view.php', 14)
 2 SYSTEMPATH\View\View.php(234): include('C:\\xampp\\htdocs\\invoicing_system\\app\\Views\\invoice\\view.php')
 3 SYSTEMPATH\View\View.php(237): CodeIgniter\View\View->CodeIgniter\View\{closure}()
 4 SYSTEMPATH\Common.php(1171): CodeIgniter\View\View->render('invoice/view', [], true)
 5 APPPATH\Controllers\InvoiceController.php(101): view('invoice/view', [...])
 6 SYSTEMPATH\CodeIgniter.php(933): App\Controllers\InvoiceController->view('18')
 7 SYSTEMPATH\CodeIgniter.php(509): CodeIgniter\CodeIgniter->runController(Object(App\Controllers\InvoiceController))
 8 SYSTEMPATH\CodeIgniter.php(355): CodeIgniter\CodeIgniter->handleRequest(null, Object(Config\Cache), false)
 9 SYSTEMPATH\Boot.php(325): CodeIgniter\CodeIgniter->run()
10 SYSTEMPATH\Boot.php(67): CodeIgniter\Boot::runCodeIgniter(Object(CodeIgniter\CodeIgniter))
11 FCPATH\index.php(56): CodeIgniter\Boot::bootWeb(Object(Config\Paths))
CRITICAL - 2024-11-15 10:33:43 --> ErrorException: Undefined array key "product_name"
[Method: GET, Route: invoice/view/18]
in APPPATH\Views\invoice\view.php on line 14.
 1 APPPATH\Views\invoice\view.php(14): CodeIgniter\Debug\Exceptions->errorHandler(2, 'Undefined array key "product_name"', 'C:\\xampp\\htdocs\\invoicing_system\\app\\Views\\invoice\\view.php', 14)
 2 SYSTEMPATH\View\View.php(234): include('C:\\xampp\\htdocs\\invoicing_system\\app\\Views\\invoice\\view.php')
 3 SYSTEMPATH\View\View.php(237): CodeIgniter\View\View->CodeIgniter\View\{closure}()
 4 SYSTEMPATH\Common.php(1171): CodeIgniter\View\View->render('invoice/view', [], true)
 5 APPPATH\Controllers\InvoiceController.php(100): view('invoice/view', [...])
 6 SYSTEMPATH\CodeIgniter.php(933): App\Controllers\InvoiceController->view('18')
 7 SYSTEMPATH\CodeIgniter.php(509): CodeIgniter\CodeIgniter->runController(Object(App\Controllers\InvoiceController))
 8 SYSTEMPATH\CodeIgniter.php(355): CodeIgniter\CodeIgniter->handleRequest(null, Object(Config\Cache), false)
 9 SYSTEMPATH\Boot.php(325): CodeIgniter\CodeIgniter->run()
10 SYSTEMPATH\Boot.php(67): CodeIgniter\Boot::runCodeIgniter(Object(CodeIgniter\CodeIgniter))
11 FCPATH\index.php(56): CodeIgniter\Boot::bootWeb(Object(Config\Paths))
CRITICAL - 2024-11-15 10:34:08 --> ErrorException: Undefined array key "product_name"
[Method: GET, Route: invoice/view/18]
in APPPATH\Views\invoice\view.php on line 14.
 1 APPPATH\Views\invoice\view.php(14): CodeIgniter\Debug\Exceptions->errorHandler(2, 'Undefined array key "product_name"', 'C:\\xampp\\htdocs\\invoicing_system\\app\\Views\\invoice\\view.php', 14)
 2 SYSTEMPATH\View\View.php(234): include('C:\\xampp\\htdocs\\invoicing_system\\app\\Views\\invoice\\view.php')
 3 SYSTEMPATH\View\View.php(237): CodeIgniter\View\View->CodeIgniter\View\{closure}()
 4 SYSTEMPATH\Common.php(1171): CodeIgniter\View\View->render('invoice/view', [], true)
 5 APPPATH\Controllers\InvoiceController.php(100): view('invoice/view', [...])
 6 SYSTEMPATH\CodeIgniter.php(933): App\Controllers\InvoiceController->view('18')
 7 SYSTEMPATH\CodeIgniter.php(509): CodeIgniter\CodeIgniter->runController(Object(App\Controllers\InvoiceController))
 8 SYSTEMPATH\CodeIgniter.php(355): CodeIgniter\CodeIgniter->handleRequest(null, Object(Config\Cache), false)
 9 SYSTEMPATH\Boot.php(325): CodeIgniter\CodeIgniter->run()
10 SYSTEMPATH\Boot.php(67): CodeIgniter\Boot::runCodeIgniter(Object(CodeIgniter\CodeIgniter))
11 FCPATH\index.php(56): CodeIgniter\Boot::bootWeb(Object(Config\Paths))
CRITICAL - 2024-11-15 10:35:02 --> ErrorException: Undefined array key "product_name"
[Method: GET, Route: invoice/view/18]
in APPPATH\Views\invoice\view.php on line 14.
 1 APPPATH\Views\invoice\view.php(14): CodeIgniter\Debug\Exceptions->errorHandler(2, 'Undefined array key "product_name"', 'C:\\xampp\\htdocs\\invoicing_system\\app\\Views\\invoice\\view.php', 14)
 2 SYSTEMPATH\View\View.php(234): include('C:\\xampp\\htdocs\\invoicing_system\\app\\Views\\invoice\\view.php')
 3 SYSTEMPATH\View\View.php(237): CodeIgniter\View\View->CodeIgniter\View\{closure}()
 4 SYSTEMPATH\Common.php(1171): CodeIgniter\View\View->render('invoice/view', [], true)
 5 APPPATH\Controllers\InvoiceController.php(100): view('invoice/view', [...])
 6 SYSTEMPATH\CodeIgniter.php(933): App\Controllers\InvoiceController->view('18')
 7 SYSTEMPATH\CodeIgniter.php(509): CodeIgniter\CodeIgniter->runController(Object(App\Controllers\InvoiceController))
 8 SYSTEMPATH\CodeIgniter.php(355): CodeIgniter\CodeIgniter->handleRequest(null, Object(Config\Cache), false)
 9 SYSTEMPATH\Boot.php(325): CodeIgniter\CodeIgniter->run()
10 SYSTEMPATH\Boot.php(67): CodeIgniter\Boot::runCodeIgniter(Object(CodeIgniter\CodeIgniter))
11 FCPATH\index.php(56): CodeIgniter\Boot::bootWeb(Object(Config\Paths))
CRITICAL - 2024-11-15 10:35:47 --> ErrorException: Undefined array key "product_name"
[Method: GET, Route: invoice/view/18]
in APPPATH\Views\invoice\view.php on line 14.
 1 APPPATH\Views\invoice\view.php(14): CodeIgniter\Debug\Exceptions->errorHandler(2, 'Undefined array key "product_name"', 'C:\\xampp\\htdocs\\invoicing_system\\app\\Views\\invoice\\view.php', 14)
 2 SYSTEMPATH\View\View.php(234): include('C:\\xampp\\htdocs\\invoicing_system\\app\\Views\\invoice\\view.php')
 3 SYSTEMPATH\View\View.php(237): CodeIgniter\View\View->CodeIgniter\View\{closure}()
 4 SYSTEMPATH\Common.php(1171): CodeIgniter\View\View->render('invoice/view', [], true)
 5 APPPATH\Controllers\InvoiceController.php(100): view('invoice/view', [...])
 6 SYSTEMPATH\CodeIgniter.php(933): App\Controllers\InvoiceController->view('18')
 7 SYSTEMPATH\CodeIgniter.php(509): CodeIgniter\CodeIgniter->runController(Object(App\Controllers\InvoiceController))
 8 SYSTEMPATH\CodeIgniter.php(355): CodeIgniter\CodeIgniter->handleRequest(null, Object(Config\Cache), false)
 9 SYSTEMPATH\Boot.php(325): CodeIgniter\CodeIgniter->run()
10 SYSTEMPATH\Boot.php(67): CodeIgniter\Boot::runCodeIgniter(Object(CodeIgniter\CodeIgniter))
11 FCPATH\index.php(56): CodeIgniter\Boot::bootWeb(Object(Config\Paths))
CRITICAL - 2024-11-15 10:38:06 --> ErrorException: Undefined array key "product_name"
[Method: GET, Route: invoice/view/18]
in APPPATH\Views\invoice\view.php on line 15.
 1 APPPATH\Views\invoice\view.php(15): CodeIgniter\Debug\Exceptions->errorHandler(2, 'Undefined array key "product_name"', 'C:\\xampp\\htdocs\\invoicing_system\\app\\Views\\invoice\\view.php', 15)
 2 SYSTEMPATH\View\View.php(234): include('C:\\xampp\\htdocs\\invoicing_system\\app\\Views\\invoice\\view.php')
 3 SYSTEMPATH\View\View.php(237): CodeIgniter\View\View->CodeIgniter\View\{closure}()
 4 SYSTEMPATH\Common.php(1171): CodeIgniter\View\View->render('invoice/view', [], true)
 5 APPPATH\Controllers\InvoiceController.php(97): view('invoice/view', [...])
 6 SYSTEMPATH\CodeIgniter.php(933): App\Controllers\InvoiceController->view('18')
 7 SYSTEMPATH\CodeIgniter.php(509): CodeIgniter\CodeIgniter->runController(Object(App\Controllers\InvoiceController))
 8 SYSTEMPATH\CodeIgniter.php(355): CodeIgniter\CodeIgniter->handleRequest(null, Object(Config\Cache), false)
 9 SYSTEMPATH\Boot.php(325): CodeIgniter\CodeIgniter->run()
10 SYSTEMPATH\Boot.php(67): CodeIgniter\Boot::runCodeIgniter(Object(CodeIgniter\CodeIgniter))
11 FCPATH\index.php(56): CodeIgniter\Boot::bootWeb(Object(Config\Paths))
CRITICAL - 2024-11-15 10:38:08 --> ErrorException: Undefined array key "product_name"
[Method: GET, Route: invoice/view/18]
in APPPATH\Views\invoice\view.php on line 15.
 1 APPPATH\Views\invoice\view.php(15): CodeIgniter\Debug\Exceptions->errorHandler(2, 'Undefined array key "product_name"', 'C:\\xampp\\htdocs\\invoicing_system\\app\\Views\\invoice\\view.php', 15)
 2 SYSTEMPATH\View\View.php(234): include('C:\\xampp\\htdocs\\invoicing_system\\app\\Views\\invoice\\view.php')
 3 SYSTEMPATH\View\View.php(237): CodeIgniter\View\View->CodeIgniter\View\{closure}()
 4 SYSTEMPATH\Common.php(1171): CodeIgniter\View\View->render('invoice/view', [], true)
 5 APPPATH\Controllers\InvoiceController.php(97): view('invoice/view', [...])
 6 SYSTEMPATH\CodeIgniter.php(933): App\Controllers\InvoiceController->view('18')
 7 SYSTEMPATH\CodeIgniter.php(509): CodeIgniter\CodeIgniter->runController(Object(App\Controllers\InvoiceController))
 8 SYSTEMPATH\CodeIgniter.php(355): CodeIgniter\CodeIgniter->handleRequest(null, Object(Config\Cache), false)
 9 SYSTEMPATH\Boot.php(325): CodeIgniter\CodeIgniter->run()
10 SYSTEMPATH\Boot.php(67): CodeIgniter\Boot::runCodeIgniter(Object(CodeIgniter\CodeIgniter))
11 FCPATH\index.php(56): CodeIgniter\Boot::bootWeb(Object(Config\Paths))
CRITICAL - 2024-11-15 10:41:36 --> ErrorException: Undefined array key "product_name"
[Method: GET, Route: invoice/view/18]
in APPPATH\Views\invoice\view.php on line 15.
 1 APPPATH\Views\invoice\view.php(15): CodeIgniter\Debug\Exceptions->errorHandler(2, 'Undefined array key "product_name"', 'C:\\xampp\\htdocs\\invoicing_system\\app\\Views\\invoice\\view.php', 15)
 2 SYSTEMPATH\View\View.php(234): include('C:\\xampp\\htdocs\\invoicing_system\\app\\Views\\invoice\\view.php')
 3 SYSTEMPATH\View\View.php(237): CodeIgniter\View\View->CodeIgniter\View\{closure}()
 4 SYSTEMPATH\Common.php(1171): CodeIgniter\View\View->render('invoice/view', [], true)
 5 APPPATH\Controllers\InvoiceController.php(97): view('invoice/view', [...])
 6 SYSTEMPATH\CodeIgniter.php(933): App\Controllers\InvoiceController->view('18')
 7 SYSTEMPATH\CodeIgniter.php(509): CodeIgniter\CodeIgniter->runController(Object(App\Controllers\InvoiceController))
 8 SYSTEMPATH\CodeIgniter.php(355): CodeIgniter\CodeIgniter->handleRequest(null, Object(Config\Cache), false)
 9 SYSTEMPATH\Boot.php(325): CodeIgniter\CodeIgniter->run()
10 SYSTEMPATH\Boot.php(67): CodeIgniter\Boot::runCodeIgniter(Object(CodeIgniter\CodeIgniter))
11 FCPATH\index.php(56): CodeIgniter\Boot::bootWeb(Object(Config\Paths))
CRITICAL - 2024-11-15 10:42:42 --> ErrorException: Undefined array key "product_name"
[Method: GET, Route: invoice/view/18]
in APPPATH\Views\invoice\view.php on line 15.
 1 APPPATH\Views\invoice\view.php(15): CodeIgniter\Debug\Exceptions->errorHandler(2, 'Undefined array key "product_name"', 'C:\\xampp\\htdocs\\invoicing_system\\app\\Views\\invoice\\view.php', 15)
 2 SYSTEMPATH\View\View.php(234): include('C:\\xampp\\htdocs\\invoicing_system\\app\\Views\\invoice\\view.php')
 3 SYSTEMPATH\View\View.php(237): CodeIgniter\View\View->CodeIgniter\View\{closure}()
 4 SYSTEMPATH\Common.php(1171): CodeIgniter\View\View->render('invoice/view', [], true)
 5 APPPATH\Controllers\InvoiceController.php(98): view('invoice/view', [...])
 6 SYSTEMPATH\CodeIgniter.php(933): App\Controllers\InvoiceController->view('18')
 7 SYSTEMPATH\CodeIgniter.php(509): CodeIgniter\CodeIgniter->runController(Object(App\Controllers\InvoiceController))
 8 SYSTEMPATH\CodeIgniter.php(355): CodeIgniter\CodeIgniter->handleRequest(null, Object(Config\Cache), false)
 9 SYSTEMPATH\Boot.php(325): CodeIgniter\CodeIgniter->run()
10 SYSTEMPATH\Boot.php(67): CodeIgniter\Boot::runCodeIgniter(Object(CodeIgniter\CodeIgniter))
11 FCPATH\index.php(56): CodeIgniter\Boot::bootWeb(Object(Config\Paths))
CRITICAL - 2024-11-15 10:43:44 --> ErrorException: Undefined property: CodeIgniter\View\View::$productModel
[Method: GET, Route: invoice/view/18]
in APPPATH\Views\invoice\view.php on line 14.
 1 APPPATH\Views\invoice\view.php(14): CodeIgniter\Debug\Exceptions->errorHandler(2, 'Undefined property: CodeIgniter\\View\\View::$productModel', 'C:\\xampp\\htdocs\\invoicing_system\\app\\Views\\invoice\\view.php', 14)
 2 SYSTEMPATH\View\View.php(234): include('C:\\xampp\\htdocs\\invoicing_system\\app\\Views\\invoice\\view.php')
 3 SYSTEMPATH\View\View.php(237): CodeIgniter\View\View->CodeIgniter\View\{closure}()
 4 SYSTEMPATH\Common.php(1171): CodeIgniter\View\View->render('invoice/view', [], true)
 5 APPPATH\Controllers\InvoiceController.php(98): view('invoice/view', [...])
 6 SYSTEMPATH\CodeIgniter.php(933): App\Controllers\InvoiceController->view('18')
 7 SYSTEMPATH\CodeIgniter.php(509): CodeIgniter\CodeIgniter->runController(Object(App\Controllers\InvoiceController))
 8 SYSTEMPATH\CodeIgniter.php(355): CodeIgniter\CodeIgniter->handleRequest(null, Object(Config\Cache), false)
 9 SYSTEMPATH\Boot.php(325): CodeIgniter\CodeIgniter->run()
10 SYSTEMPATH\Boot.php(67): CodeIgniter\Boot::runCodeIgniter(Object(CodeIgniter\CodeIgniter))
11 FCPATH\index.php(56): CodeIgniter\Boot::bootWeb(Object(Config\Paths))
CRITICAL - 2024-11-15 10:45:26 --> ErrorException: Undefined variable $product
[Method: GET, Route: invoice/view/18]
in APPPATH\Views\invoice\view.php on line 15.
 1 APPPATH\Views\invoice\view.php(15): CodeIgniter\Debug\Exceptions->errorHandler(2, 'Undefined variable $product', 'C:\\xampp\\htdocs\\invoicing_system\\app\\Views\\invoice\\view.php', 15)
 2 SYSTEMPATH\View\View.php(234): include('C:\\xampp\\htdocs\\invoicing_system\\app\\Views\\invoice\\view.php')
 3 SYSTEMPATH\View\View.php(237): CodeIgniter\View\View->CodeIgniter\View\{closure}()
 4 SYSTEMPATH\Common.php(1171): CodeIgniter\View\View->render('invoice/view', [], true)
 5 APPPATH\Controllers\InvoiceController.php(98): view('invoice/view', [...])
 6 SYSTEMPATH\CodeIgniter.php(933): App\Controllers\InvoiceController->view('18')
 7 SYSTEMPATH\CodeIgniter.php(509): CodeIgniter\CodeIgniter->runController(Object(App\Controllers\InvoiceController))
 8 SYSTEMPATH\CodeIgniter.php(355): CodeIgniter\CodeIgniter->handleRequest(null, Object(Config\Cache), false)
 9 SYSTEMPATH\Boot.php(325): CodeIgniter\CodeIgniter->run()
10 SYSTEMPATH\Boot.php(67): CodeIgniter\Boot::runCodeIgniter(Object(CodeIgniter\CodeIgniter))
11 FCPATH\index.php(56): CodeIgniter\Boot::bootWeb(Object(Config\Paths))
CRITICAL - 2024-11-15 10:47:14 --> ErrorException: Undefined property: CodeIgniter\View\View::$productModel
[Method: GET, Route: invoice/view/18]
in APPPATH\Views\invoice\view.php on line 15.
 1 APPPATH\Views\invoice\view.php(15): CodeIgniter\Debug\Exceptions->errorHandler(2, 'Undefined property: CodeIgniter\\View\\View::$productModel', 'C:\\xampp\\htdocs\\invoicing_system\\app\\Views\\invoice\\view.php', 15)
 2 SYSTEMPATH\View\View.php(234): include('C:\\xampp\\htdocs\\invoicing_system\\app\\Views\\invoice\\view.php')
 3 SYSTEMPATH\View\View.php(237): CodeIgniter\View\View->CodeIgniter\View\{closure}()
 4 SYSTEMPATH\Common.php(1171): CodeIgniter\View\View->render('invoice/view', [], true)
 5 APPPATH\Controllers\InvoiceController.php(98): view('invoice/view', [...])
 6 SYSTEMPATH\CodeIgniter.php(933): App\Controllers\InvoiceController->view('18')
 7 SYSTEMPATH\CodeIgniter.php(509): CodeIgniter\CodeIgniter->runController(Object(App\Controllers\InvoiceController))
 8 SYSTEMPATH\CodeIgniter.php(355): CodeIgniter\CodeIgniter->handleRequest(null, Object(Config\Cache), false)
 9 SYSTEMPATH\Boot.php(325): CodeIgniter\CodeIgniter->run()
10 SYSTEMPATH\Boot.php(67): CodeIgniter\Boot::runCodeIgniter(Object(CodeIgniter\CodeIgniter))
11 FCPATH\index.php(56): CodeIgniter\Boot::bootWeb(Object(Config\Paths))
CRITICAL - 2024-11-15 10:51:18 --> ErrorException: Undefined property: CodeIgniter\View\View::$productModel
[Method: GET, Route: invoice/view/18]
in APPPATH\Views\invoice\view.php on line 15.
 1 APPPATH\Views\invoice\view.php(15): CodeIgniter\Debug\Exceptions->errorHandler(2, 'Undefined property: CodeIgniter\\View\\View::$productModel', 'C:\\xampp\\htdocs\\invoicing_system\\app\\Views\\invoice\\view.php', 15)
 2 SYSTEMPATH\View\View.php(234): include('C:\\xampp\\htdocs\\invoicing_system\\app\\Views\\invoice\\view.php')
 3 SYSTEMPATH\View\View.php(237): CodeIgniter\View\View->CodeIgniter\View\{closure}()
 4 SYSTEMPATH\Common.php(1171): CodeIgniter\View\View->render('invoice/view', [], true)
 5 APPPATH\Controllers\InvoiceController.php(98): view('invoice/view', [...])
 6 SYSTEMPATH\CodeIgniter.php(933): App\Controllers\InvoiceController->view('18')
 7 SYSTEMPATH\CodeIgniter.php(509): CodeIgniter\CodeIgniter->runController(Object(App\Controllers\InvoiceController))
 8 SYSTEMPATH\CodeIgniter.php(355): CodeIgniter\CodeIgniter->handleRequest(null, Object(Config\Cache), false)
 9 SYSTEMPATH\Boot.php(325): CodeIgniter\CodeIgniter->run()
10 SYSTEMPATH\Boot.php(67): CodeIgniter\Boot::runCodeIgniter(Object(CodeIgniter\CodeIgniter))
11 FCPATH\index.php(56): CodeIgniter\Boot::bootWeb(Object(Config\Paths))
CRITICAL - 2024-11-15 10:51:21 --> ErrorException: Undefined property: CodeIgniter\View\View::$productModel
[Method: GET, Route: invoice/view/18]
in APPPATH\Views\invoice\view.php on line 15.
 1 APPPATH\Views\invoice\view.php(15): CodeIgniter\Debug\Exceptions->errorHandler(2, 'Undefined property: CodeIgniter\\View\\View::$productModel', 'C:\\xampp\\htdocs\\invoicing_system\\app\\Views\\invoice\\view.php', 15)
 2 SYSTEMPATH\View\View.php(234): include('C:\\xampp\\htdocs\\invoicing_system\\app\\Views\\invoice\\view.php')
 3 SYSTEMPATH\View\View.php(237): CodeIgniter\View\View->CodeIgniter\View\{closure}()
 4 SYSTEMPATH\Common.php(1171): CodeIgniter\View\View->render('invoice/view', [], true)
 5 APPPATH\Controllers\InvoiceController.php(98): view('invoice/view', [...])
 6 SYSTEMPATH\CodeIgniter.php(933): App\Controllers\InvoiceController->view('18')
 7 SYSTEMPATH\CodeIgniter.php(509): CodeIgniter\CodeIgniter->runController(Object(App\Controllers\InvoiceController))
 8 SYSTEMPATH\CodeIgniter.php(355): CodeIgniter\CodeIgniter->handleRequest(null, Object(Config\Cache), false)
 9 SYSTEMPATH\Boot.php(325): CodeIgniter\CodeIgniter->run()
10 SYSTEMPATH\Boot.php(67): CodeIgniter\Boot::runCodeIgniter(Object(CodeIgniter\CodeIgniter))
11 FCPATH\index.php(56): CodeIgniter\Boot::bootWeb(Object(Config\Paths))
CRITICAL - 2024-11-15 11:21:25 --> TypeError: number_format(): Argument #1 ($num) must be of type float, string given
[Method: POST, Route: invoice/store]
in APPPATH\Controllers\InvoiceController.php on line 68.
 1 APPPATH\Controllers\InvoiceController.php(68): number_format('2,400.00', 2)
 2 SYSTEMPATH\CodeIgniter.php(933): App\Controllers\InvoiceController->store()
 3 SYSTEMPATH\CodeIgniter.php(509): CodeIgniter\CodeIgniter->runController(Object(App\Controllers\InvoiceController))
 4 SYSTEMPATH\CodeIgniter.php(355): CodeIgniter\CodeIgniter->handleRequest(null, Object(Config\Cache), false)
 5 SYSTEMPATH\Boot.php(325): CodeIgniter\CodeIgniter->run()
 6 SYSTEMPATH\Boot.php(67): CodeIgniter\Boot::runCodeIgniter(Object(CodeIgniter\CodeIgniter))
 7 FCPATH\index.php(56): CodeIgniter\Boot::bootWeb(Object(Config\Paths))
CRITICAL - 2024-11-15 11:22:31 --> TypeError: number_format(): Argument #1 ($num) must be of type float, string given
[Method: POST, Route: invoice/store]
in APPPATH\Controllers\InvoiceController.php on line 68.
 1 APPPATH\Controllers\InvoiceController.php(68): number_format('2,400.00', 2)
 2 SYSTEMPATH\CodeIgniter.php(933): App\Controllers\InvoiceController->store()
 3 SYSTEMPATH\CodeIgniter.php(509): CodeIgniter\CodeIgniter->runController(Object(App\Controllers\InvoiceController))
 4 SYSTEMPATH\CodeIgniter.php(355): CodeIgniter\CodeIgniter->handleRequest(null, Object(Config\Cache), false)
 5 SYSTEMPATH\Boot.php(325): CodeIgniter\CodeIgniter->run()
 6 SYSTEMPATH\Boot.php(67): CodeIgniter\Boot::runCodeIgniter(Object(CodeIgniter\CodeIgniter))
 7 FCPATH\index.php(56): CodeIgniter\Boot::bootWeb(Object(Config\Paths))
CRITICAL - 2024-11-15 11:29:20 --> TypeError: number_format(): Argument #1 ($num) must be of type float, string given
[Method: POST, Route: invoice/store]
in APPPATH\Controllers\InvoiceController.php on line 68.
 1 APPPATH\Controllers\InvoiceController.php(68): number_format('2,400.00', 2)
 2 SYSTEMPATH\CodeIgniter.php(933): App\Controllers\InvoiceController->store()
 3 SYSTEMPATH\CodeIgniter.php(509): CodeIgniter\CodeIgniter->runController(Object(App\Controllers\InvoiceController))
 4 SYSTEMPATH\CodeIgniter.php(355): CodeIgniter\CodeIgniter->handleRequest(null, Object(Config\Cache), false)
 5 SYSTEMPATH\Boot.php(325): CodeIgniter\CodeIgniter->run()
 6 SYSTEMPATH\Boot.php(67): CodeIgniter\Boot::runCodeIgniter(Object(CodeIgniter\CodeIgniter))
 7 FCPATH\index.php(56): CodeIgniter\Boot::bootWeb(Object(Config\Paths))
CRITICAL - 2024-11-15 11:29:40 --> TypeError: number_format(): Argument #1 ($num) must be of type float, string given
[Method: POST, Route: invoice/store]
in APPPATH\Controllers\InvoiceController.php on line 68.
 1 APPPATH\Controllers\InvoiceController.php(68): number_format('2,400.00', 2)
 2 SYSTEMPATH\CodeIgniter.php(933): App\Controllers\InvoiceController->store()
 3 SYSTEMPATH\CodeIgniter.php(509): CodeIgniter\CodeIgniter->runController(Object(App\Controllers\InvoiceController))
 4 SYSTEMPATH\CodeIgniter.php(355): CodeIgniter\CodeIgniter->handleRequest(null, Object(Config\Cache), false)
 5 SYSTEMPATH\Boot.php(325): CodeIgniter\CodeIgniter->run()
 6 SYSTEMPATH\Boot.php(67): CodeIgniter\Boot::runCodeIgniter(Object(CodeIgniter\CodeIgniter))
 7 FCPATH\index.php(56): CodeIgniter\Boot::bootWeb(Object(Config\Paths))
